Annas-Mac.fritz.box
15:05  up 18:33, 2 users, load averages: 1.75 2.13 2.18
Ipopt 3.12.13: outlev=5
max_cpu_time=10800

==> Warning: Treating 144 binary and 0 integer variables as continous.


******************************************************************************
This program contains Ipopt, a library for large-scale nonlinear optimization.
 Ipopt is released as open source code under the Eclipse Public License (EPL).
         For more information visit http://projects.coin-or.org/Ipopt
******************************************************************************

This is Ipopt version 3.12.13, running with linear solver mumps.
NOTE: Other linear solvers might be more efficient (see Ipopt documentation).

Number of nonzeros in equality constraint Jacobian...:   109807
Number of nonzeros in inequality constraint Jacobian.:      576
Number of nonzeros in Lagrangian Hessian.............:     7584

Total number of variables............................:     7728
                     variables with only lower bounds:        0
                variables with lower and upper bounds:      144
                     variables with only upper bounds:        0
Total number of equality constraints.................:     7456
Total number of inequality constraints...............:      288
        inequality constraints with only lower bounds:        0
   inequality constraints with lower and upper bounds:        0
        inequality constraints with only upper bounds:      288

iter    objective    inf_pr   inf_du lg(mu)  ||d||  lg(rg) alpha_du alpha_pr  ls
   0  1.5625000e+03 3.20e+02 2.22e-16  -1.0 0.00e+00    -  0.00e+00 0.00e+00   0
   1  3.5503012e+03 1.94e-13 1.54e+01  -1.0 1.36e+02    -  6.02e-02 1.00e+00h  1
   2  3.5453091e+03 2.27e-13 1.82e-03  -1.0 6.30e+00    -  9.98e-01 1.00e+00f  1
   3  3.5453090e+03 1.99e-13 2.83e-08  -2.5 2.15e-02    -  1.00e+00 1.00e+00f  1
   4  3.5453090e+03 1.71e-13 1.50e-09  -3.8 4.39e-02    -  1.00e+00 1.00e+00h  1
   5  3.5453090e+03 1.99e-13 1.84e-11  -5.7 9.54e-03    -  1.00e+00 1.00e+00h  1
   6  3.5453090e+03 1.71e-13 2.51e-14  -8.6 1.04e-03    -  1.00e+00 1.00e+00h  1

Number of Iterations....: 6

                                   (scaled)                 (unscaled)
Objective...............:   3.5453090088720164e+03    3.5453090088720164e+03
Dual infeasibility......:   2.5059035600428338e-14    1.0023614240171335e-15
Constraint violation....:   1.7053025658242404e-13    1.7053025658242404e-13
Complementarity.........:   2.6570444179690301e-09    2.6570444179690301e-09
Overall NLP error.......:   2.6570444179690301e-09    2.6570444179690301e-09


Number of objective function evaluations             = 7
Number of objective gradient evaluations             = 7
Number of equality constraint evaluations            = 7
Number of inequality constraint evaluations          = 7
Number of equality constraint Jacobian evaluations   = 7
Number of inequality constraint Jacobian evaluations = 7
Number of Lagrangian Hessian evaluations             = 6
Total CPU secs in IPOPT (w/o function evaluations)   =      5.496
Total CPU secs in NLP function evaluations           =      0.018

EXIT: Optimal Solution Found.
 
Ipopt 3.12.13: Optimal Solution Found

suffix ipopt_zU_out OUT;
suffix ipopt_zL_out OUT;
_solve_elapsed_time = 5.67133

>>> Save Controls ..
>>> Done.
>>> Paste commands below in Matlab or Octave
    ========================================


% Matlab output of states, u(t,x,y)
u{1} = [ ...    % states u(k,x,y)
  0  0  0  0  0  0  0  0  0  0  0  0  0  0  0  0  0  0  0  0  0  0  0  0  0  0  0  0  0  0  0  0  0 ;
  0  3.80602  7.46578  10.8386  13.795  16.2212  18.024  19.1342  19.509  19.1342  18.024  16.2212  13.795  10.8386  7.46578  3.80602  2.38917E-15  -3.80602  -7.46578  -10.8386  -13.795  -16.2212  -18.024  -19.1342  -19.509  -19.1342  -18.024  -16.2212  -13.795  -10.8386  -7.46578  -3.80602  -4.77833E-15 ;
  0  7.46578  14.6447  21.2608  27.0598  31.819  35.3553  37.533  38.2683  37.533  35.3553  31.819  27.0598  21.2608  14.6447  7.46578  4.68652E-15  -7.46578  -14.6447  -21.2608  -27.0598  -31.819  -35.3553  -37.533  -38.2683  -37.533  -35.3553  -31.819  -27.0598  -21.2608  -14.6447  -7.46578  -9.37304E-15 ;
  0  10.8386  21.2608  30.8658  39.2847  46.194  51.328  54.4895  55.557  54.4895  51.328  46.194  39.2847  30.8658  21.2608  10.8386  6.80377E-15  -10.8386  -21.2608  -30.8658  -39.2847  -46.194  -51.328  -54.4895  -55.557  -54.4895  -51.328  -46.194  -39.2847  -30.8658  -21.2608  -10.8386  -1.36075E-14 ;
  0  13.795  27.0598  39.2847  50  58.7938  65.3281  69.352  70.7107  69.352  65.3281  58.7938  50  39.2847  27.0598  13.795  8.65956E-15  -13.795  -27.0598  -39.2847  -50  -58.7938  -65.3281  -69.352  -70.7107  -69.352  -65.3281  -58.7938  -50  -39.2847  -27.0598  -13.795  -1.73191E-14 ;
  0  16.2212  31.819  46.194  58.7938  69.1342  76.8178  81.5493  83.147  81.5493  76.8178  69.1342  58.7938  46.194  31.819  16.2212  1.01826E-14  -16.2212  -31.819  -46.194  -58.7938  -69.1342  -76.8178  -81.5493  -83.147  -81.5493  -76.8178  -69.1342  -58.7938  -46.194  -31.819  -16.2212  -2.03651E-14 ;
  0  18.024  35.3553  51.328  65.3281  76.8178  85.3553  90.6127  92.388  90.6127  85.3553  76.8178  65.3281  51.328  35.3553  18.024  1.13143E-14  -18.024  -35.3553  -51.328  -65.3281  -76.8178  -85.3553  -90.6127  -92.388  -90.6127  -85.3553  -76.8178  -65.3281  -51.328  -35.3553  -18.024  -2.26285E-14 ;
  0  19.1342  37.533  54.4895  69.352  81.5493  90.6127  96.194  98.0785  96.194  90.6127  81.5493  69.352  54.4895  37.533  19.1342  1.20112E-14  -19.1342  -37.533  -54.4895  -69.352  -81.5493  -90.6127  -96.194  -98.0785  -96.194  -90.6127  -81.5493  -69.352  -54.4895  -37.533  -19.1342  -2.40223E-14 ;
  0  19.509  38.2683  55.557  70.7107  83.147  92.388  98.0785  100  98.0785  92.388  83.147  70.7107  55.557  38.2683  19.509  1.22465E-14  -19.509  -38.2683  -55.557  -70.7107  -83.147  -92.388  -98.0785  -100  -98.0785  -92.388  -83.147  -70.7107  -55.557  -38.2683  -19.509  -2.44929E-14 ;
  0  19.1342  37.533  54.4895  69.352  81.5493  90.6127  96.194  98.0785  96.194  90.6127  81.5493  69.352  54.4895  37.533  19.1342  1.20112E-14  -19.1342  -37.533  -54.4895  -69.352  -81.5493  -90.6127  -96.194  -98.0785  -96.194  -90.6127  -81.5493  -69.352  -54.4895  -37.533  -19.1342  -2.40223E-14 ;
  0  18.024  35.3553  51.328  65.3281  76.8178  85.3553  90.6127  92.388  90.6127  85.3553  76.8178  65.3281  51.328  35.3553  18.024  1.13143E-14  -18.024  -35.3553  -51.328  -65.3281  -76.8178  -85.3553  -90.6127  -92.388  -90.6127  -85.3553  -76.8178  -65.3281  -51.328  -35.3553  -18.024  -2.26285E-14 ;
  0  16.2212  31.819  46.194  58.7938  69.1342  76.8178  81.5493  83.147  81.5493  76.8178  69.1342  58.7938  46.194  31.819  16.2212  1.01826E-14  -16.2212  -31.819  -46.194  -58.7938  -69.1342  -76.8178  -81.5493  -83.147  -81.5493  -76.8178  -69.1342  -58.7938  -46.194  -31.819  -16.2212  -2.03651E-14 ;
  0  13.795  27.0598  39.2847  50  58.7938  65.3281  69.352  70.7107  69.352  65.3281  58.7938  50  39.2847  27.0598  13.795  8.65956E-15  -13.795  -27.0598  -39.2847  -50  -58.7938  -65.3281  -69.352  -70.7107  -69.352  -65.3281  -58.7938  -50  -39.2847  -27.0598  -13.795  -1.73191E-14 ;
  0  10.8386  21.2608  30.8658  39.2847  46.194  51.328  54.4895  55.557  54.4895  51.328  46.194  39.2847  30.8658  21.2608  10.8386  6.80377E-15  -10.8386  -21.2608  -30.8658  -39.2847  -46.194  -51.328  -54.4895  -55.557  -54.4895  -51.328  -46.194  -39.2847  -30.8658  -21.2608  -10.8386  -1.36075E-14 ;
  0  7.46578  14.6447  21.2608  27.0598  31.819  35.3553  37.533  38.2683  37.533  35.3553  31.819  27.0598  21.2608  14.6447  7.46578  4.68652E-15  -7.46578  -14.6447  -21.2608  -27.0598  -31.819  -35.3553  -37.533  -38.2683  -37.533  -35.3553  -31.819  -27.0598  -21.2608  -14.6447  -7.46578  -9.37304E-15 ;
  0  3.80602  7.46578  10.8386  13.795  16.2212  18.024  19.1342  19.509  19.1342  18.024  16.2212  13.795  10.8386  7.46578  3.80602  2.38917E-15  -3.80602  -7.46578  -10.8386  -13.795  -16.2212  -18.024  -19.1342  -19.509  -19.1342  -18.024  -16.2212  -13.795  -10.8386  -7.46578  -3.80602  -4.77833E-15 ;
  0  2.38917E-15  4.68652E-15  6.80377E-15  8.65956E-15  1.01826E-14  1.13143E-14  1.20112E-14  1.22465E-14  1.20112E-14  1.13143E-14  1.01826E-14  8.65956E-15  6.80377E-15  4.68652E-15  2.38917E-15  1.49976E-30  -2.38917E-15  -4.68652E-15  -6.80377E-15  -8.65956E-15  -1.01826E-14  -1.13143E-14  -1.20112E-14  -1.22465E-14  -1.20112E-14  -1.13143E-14  -1.01826E-14  -8.65956E-15  -6.80377E-15  -4.68652E-15  -2.38917E-15  -2.99952E-30 ;
];

u{2} = [ ...    % states u(k,x,y)
  0  0  0  0  0  0  0  0  0  0  0  0  0  0  0  0  0  0  0  0  0  0  0  0  0  0  0  0  0  0  0  0  0 ;
  0  3.46289  6.64073  9.10671  10.1242  8.69174  4.42765  -0.839282  -3.3045  -0.839282  4.42765  8.69174  10.1242  9.10671  6.64073  3.46289  2.24022E-17  -3.46289  -6.64073  -9.10671  -10.1242  -8.69174  -4.42765  0.839282  3.3045  0.839282  -4.42765  -8.69174  -10.1242  -9.10671  -6.64073  -3.46289  0 ;
  0  6.78379  12.9858  17.7009  19.2929  15.4449  5.18764  -7.30318  -13.1362  -7.30318  5.18764  15.4449  19.2929  17.7009  12.9858  6.78379  -8.13515E-16  -6.78379  -12.9858  -17.7009  -19.2929  -15.4449  -5.18764  7.30318  13.1362  7.30318  -5.18764  -15.4449  -19.2929  -17.7009  -12.9858  -6.78379  0 ;
  0  9.83897  18.8076  25.5111  27.3403  20.4914  3.26883  -17.5441  -27.254  -17.5441  3.26883  20.4914  27.3403  25.5111  18.8076  9.83898  -1.35341E-15  -9.83898  -18.8076  -25.5111  -27.3403  -20.4914  -3.26883  17.5441  27.254  17.5441  -3.26883  -20.4914  -27.3403  -25.5111  -18.8076  -9.83897  0 ;
  0  12.524  23.9428  32.487  34.8485  26.2033  4.39835  -21.9707  -34.2755  -21.9707  4.39835  26.2033  34.8485  32.487  23.9428  12.524  -2.28228E-15  -12.524  -23.9428  -32.487  -34.8485  -26.2033  -4.39835  21.9707  34.2755  21.9707  -4.39835  -26.2033  -34.8485  -32.487  -23.9428  -12.524  0 ;
  0  14.7372  28.2029  38.4044  41.7063  32.9163  9.81639  -18.2713  -31.3873  -18.2713  9.81639  32.9163  41.7063  38.4044  28.2029  14.7372  -1.69867E-15  -14.7372  -28.2029  -38.4044  -41.7063  -32.9163  -9.81639  18.2713  31.3873  18.2713  -9.81639  -32.9163  -41.7063  -38.4044  -28.2029  -14.7372  0 ;
  0  16.3785  31.3542  42.7456  46.6112  37.3705  12.6881  -17.3809  -31.4243  -17.3809  12.6881  37.3705  46.6112  42.7456  31.3542  16.3785  -2.92918E-15  -16.3785  -31.3542  -42.7456  -46.6112  -37.3705  -12.6881  17.3809  31.4243  17.3809  -12.6881  -37.3705  -46.6112  -42.7456  -31.3542  -16.3785  0 ;
  0  17.3779  33.2411  45.1935  48.8172  37.7465  9.21142  -25.3928  -41.5453  -25.3928  9.21142  37.7465  48.8172  45.1935  33.2411  17.3779  -5.37398E-15  -17.3779  -33.2411  -45.1935  -48.8172  -37.7465  -9.21142  25.3928  41.5453  25.3928  -9.21142  -37.7465  -48.8172  -45.1935  -33.2411  -17.3779  0 ;
  0  17.7115  33.8594  45.9401  49.271  37.0234  6.14787  -31.1872  -48.6088  -31.1872  6.14787  37.0234  49.271  45.9401  33.8594  17.7115  -6.18683E-15  -17.7115  -33.8594  -45.9401  -49.271  -37.0234  -6.14787  31.1872  48.6088  31.1872  -6.14787  -37.0234  -49.271  -45.9401  -33.8594  -17.7115  0 ;
  0  17.3779  33.2411  45.1935  48.8172  37.7465  9.21142  -25.3928  -41.5453  -25.3928  9.21142  37.7465  48.8172  45.1935  33.2411  17.3779  -5.73154E-15  -17.3779  -33.2411  -45.1935  -48.8172  -37.7465  -9.21142  25.3928  41.5453  25.3928  -9.21142  -37.7465  -48.8172  -45.1935  -33.2411  -17.3779  0 ;
  0  16.3785  31.3542  42.7456  46.6112  37.3705  12.6881  -17.3809  -31.4243  -17.3809  12.6881  37.3705  46.6112  42.7456  31.3542  16.3785  -3.90741E-15  -16.3785  -31.3542  -42.7456  -46.6112  -37.3705  -12.6881  17.3809  31.4243  17.3809  -12.6881  -37.3705  -46.6112  -42.7456  -31.3542  -16.3785  0 ;
  0  14.7372  28.2029  38.4044  41.7063  32.9163  9.81639  -18.2713  -31.3873  -18.2713  9.81639  32.9163  41.7063  38.4044  28.2029  14.7372  -2.87742E-15  -14.7372  -28.2029  -38.4044  -41.7063  -32.9163  -9.81639  18.2713  31.3873  18.2713  -9.81639  -32.9163  -41.7063  -38.4044  -28.2029  -14.7372  0 ;
  0  12.524  23.9428  32.487  34.8485  26.2033  4.39835  -21.9707  -34.2755  -21.9707  4.39835  26.2033  34.8485  32.487  23.9428  12.524  -2.84424E-15  -12.524  -23.9428  -32.487  -34.8485  -26.2033  -4.39835  21.9707  34.2755  21.9707  -4.39835  -26.2033  -34.8485  -32.487  -23.9428  -12.524  0 ;
  0  9.83897  18.8076  25.5111  27.3403  20.4914  3.26883  -17.5441  -27.254  -17.5441  3.26883  20.4914  27.3403  25.5111  18.8076  9.83898  -2.40208E-15  -9.83898  -18.8076  -25.5111  -27.3403  -20.4914  -3.26883  17.5441  27.254  17.5441  -3.26883  -20.4914  -27.3403  -25.5111  -18.8076  -9.83897  0 ;
  0  6.78379  12.9858  17.7009  19.2929  15.4449  5.18764  -7.30318  -13.1362  -7.30318  5.18764  15.4449  19.2929  17.7009  12.9858  6.78379  -8.2029E-16  -6.78379  -12.9858  -17.7009  -19.2929  -15.4449  -5.18764  7.30318  13.1362  7.30318  -5.18764  -15.4449  -19.2929  -17.7009  -12.9858  -6.78379  0 ;
  0  3.46289  6.64073  9.10671  10.1242  8.69174  4.42765  -0.839282  -3.3045  -0.839282  4.42765  8.69174  10.1242  9.10671  6.64073  3.46289  -2.71118E-16  -3.46289  -6.64073  -9.10671  -10.1242  -8.69174  -4.42765  0.839282  3.3045  0.839282  -4.42765  -8.69174  -10.1242  -9.10671  -6.64073  -3.46289  0 ;
  0  0  0  0  0  0  0  0  0  0  0  0  0  0  0  0  0  0  0  0  0  0  0  0  0  0  0  0  0  0  0  0  0 ;
];

u{3} = [ ...    % states u(k,x,y)
  0  0  0  0  0  0  0  0  0  0  0  0  0  0  0  0  0  0  0  0  0  0  0  0  0  0  0  0  0  0  0  0  0 ;
  0  3.05572  5.73133  7.53426  7.81005  5.95078  2.09303  -2.09398  -3.94698  -2.09398  2.09303  5.95078  7.81005  7.53426  5.73133  3.05572  4.43256E-16  -3.05572  -5.73133  -7.53426  -7.81005  -5.95078  -2.09303  2.09398  3.94698  2.09398  -2.09303  -5.95078  -7.81005  -7.53426  -5.73133  -3.05572  0 ;
  0  5.98268  11.1999  14.6409  14.9251  10.7199  2.25044  -6.91641  -10.9759  -6.91641  2.25044  10.7199  14.9251  14.6409  11.1999  5.98269  2.80225E-16  -5.98269  -11.1999  -14.6409  -14.9251  -10.7199  -2.25044  6.91641  10.9759  6.91641  -2.25044  -10.7199  -14.9251  -14.6409  -11.1999  -5.98268  0 ;
  0  8.67403  16.2155  21.1081  21.2368  14.5018  1.17246  -13.2388  -19.6257  -13.2388  1.17246  14.5018  21.2368  21.1081  16.2155  8.67403  -1.82544E-16  -8.67403  -16.2155  -21.1081  -21.2368  -14.5018  -1.17246  13.2388  19.6257  13.2388  -1.17246  -14.5018  -21.2368  -21.1081  -16.2155  -8.67403  0 ;
  0  11.0422  20.6461  26.8876  27.0855  18.5796  1.71216  -16.533  -24.6203  -16.533  1.71216  18.5796  27.0855  26.8876  20.6461  11.0422  -1.61526E-15  -11.0422  -20.6461  -26.8876  -27.0855  -18.5796  -1.71216  16.533  24.6203  16.533  -1.71216  -18.5796  -27.0855  -26.8876  -20.6461  -11.0422  0 ;
  0  12.997  24.3261  31.7781  32.3206  23.0051  4.29611  -15.9577  -24.9305  -15.9577  4.29611  23.0051  32.3206  31.7781  24.3261  12.9971  -3.17568E-15  -12.9971  -24.3261  -31.7781  -32.3206  -23.0051  -4.29611  15.9577  24.9305  15.9577  -4.29611  -23.0051  -32.3206  -31.7781  -24.3261  -12.997  0 ;
  0  14.4454  27.0448  35.3619  36.0699  25.9584  5.57004  -16.5031  -26.279  -16.5031  5.57004  25.9584  36.0699  35.3619  27.0448  14.4454  -6.5382E-15  -14.4454  -27.0448  -35.3619  -36.0699  -25.9584  -5.57004  16.5031  26.279  16.5031  -5.57004  -25.9584  -36.0699  -35.3619  -27.0448  -14.4454  0 ;
  0  15.3238  28.667  37.3948  37.8658  26.5075  3.83754  -20.6914  -31.56  -20.6914  3.83754  26.5075  37.8658  37.3948  28.667  15.3238  -9.9754E-15  -15.3238  -28.667  -37.3948  -37.8658  -26.5075  -3.83754  20.6914  31.56  20.6914  -3.83754  -26.5075  -37.8658  -37.3948  -28.667  -15.3238  0 ;
  0  15.6158  29.1969  38.021  38.2931  26.2467  2.36435  -23.4682  -34.9187  -23.4682  2.36435  26.2467  38.2931  38.021  29.1969  15.6158  -1.13066E-14  -15.6158  -29.1969  -38.021  -38.2931  -26.2467  -2.36435  23.4682  34.9187  23.4682  -2.36435  -26.2467  -38.2931  -38.021  -29.1969  -15.6158  0 ;
  0  15.3238  28.667  37.3948  37.8658  26.5075  3.83754  -20.6914  -31.56  -20.6914  3.83754  26.5075  37.8658  37.3948  28.667  15.3238  -1.03496E-14  -15.3238  -28.667  -37.3948  -37.8658  -26.5075  -3.83754  20.6914  31.56  20.6914  -3.83754  -26.5075  -37.8658  -37.3948  -28.667  -15.3238  0 ;
  0  14.4454  27.0448  35.3619  36.0699  25.9584  5.57004  -16.5031  -26.279  -16.5031  5.57004  25.9584  36.0699  35.3619  27.0448  14.4454  -6.54319E-15  -14.4454  -27.0448  -35.3619  -36.0699  -25.9584  -5.57004  16.5031  26.279  16.5031  -5.57004  -25.9584  -36.0699  -35.3619  -27.0448  -14.4454  0 ;
  0  12.997  24.3261  31.7781  32.3206  23.0051  4.29611  -15.9577  -24.9305  -15.9577  4.29611  23.0051  32.3206  31.7781  24.3261  12.9971  -3.02419E-15  -12.9971  -24.3261  -31.7781  -32.3206  -23.0051  -4.29611  15.9577  24.9305  15.9577  -4.29611  -23.0051  -32.3206  -31.7781  -24.3261  -12.997  0 ;
  0  11.0422  20.6461  26.8876  27.0855  18.5796  1.71216  -16.533  -24.6203  -16.533  1.71216  18.5796  27.0855  26.8876  20.6461  11.0422  -2.15945E-15  -11.0422  -20.6461  -26.8876  -27.0855  -18.5796  -1.71216  16.533  24.6203  16.533  -1.71216  -18.5796  -27.0855  -26.8876  -20.6461  -11.0422  0 ;
  0  8.67403  16.2155  21.1081  21.2368  14.5018  1.17246  -13.2388  -19.6257  -13.2388  1.17246  14.5018  21.2368  21.1081  16.2155  8.67403  -2.14024E-15  -8.67403  -16.2155  -21.1081  -21.2368  -14.5018  -1.17246  13.2388  19.6257  13.2388  -1.17246  -14.5018  -21.2368  -21.1081  -16.2155  -8.67403  0 ;
  0  5.98268  11.1999  14.6409  14.9251  10.7199  2.25044  -6.91641  -10.9759  -6.91641  2.25044  10.7199  14.9251  14.6409  11.1999  5.98269  -1.23413E-15  -5.98269  -11.1999  -14.6409  -14.9251  -10.7199  -2.25044  6.91641  10.9759  6.91641  -2.25044  -10.7199  -14.9251  -14.6409  -11.1999  -5.98268  0 ;
  0  3.05572  5.73133  7.53426  7.81005  5.95078  2.09303  -2.09398  -3.94698  -2.09398  2.09303  5.95078  7.81005  7.53426  5.73133  3.05572  -5.33122E-16  -3.05572  -5.73133  -7.53426  -7.81005  -5.95078  -2.09303  2.09398  3.94698  2.09398  -2.09303  -5.95078  -7.81005  -7.53426  -5.73133  -3.05572  0 ;
  0  0  0  0  0  0  0  0  0  0  0  0  0  0  0  0  0  0  0  0  0  0  0  0  0  0  0  0  0  0  0  0  0 ;
];

u{4} = [ ...    % states u(k,x,y)
  0  0  0  0  0  0  0  0  0  0  0  0  0  0  0  0  0  0  0  0  0  0  0  0  0  0  0  0  0  0  0  0  0 ;
  0  2.62851  4.834  6.13754  6.03174  4.20867  1.02477  -2.16073  -3.51792  -2.16073  1.02477  4.20867  6.03174  6.13754  4.834  2.62851  -1.21638E-15  -2.62851  -4.834  -6.13754  -6.03174  -4.20867  -1.02477  2.16073  3.51792  2.16073  -1.02477  -4.20867  -6.03174  -6.13754  -4.834  -2.62851  0 ;
  0  5.1461  9.44896  11.9442  11.5906  7.72895  1.05678  -5.62061  -8.46916  -5.62061  1.05678  7.72895  11.5906  11.9442  9.44896  5.1461  -3.43211E-15  -5.1461  -9.44896  -11.9442  -11.5906  -7.72895  -1.05678  5.62061  8.46916  5.62061  -1.05678  -7.72895  -11.5906  -11.9442  -9.44896  -5.1461  0 ;
  0  7.46132  13.6847  17.2436  16.5764  10.6628  0.509249  -9.65945  -14.0023  -9.65945  0.509249  10.6628  16.5764  17.2436  13.6847  7.46132  -6.00506E-15  -7.46132  -13.6847  -17.2436  -16.5764  -10.6628  -0.509249  9.65945  14.0023  9.65945  -0.509249  -10.6628  -16.5764  -17.2436  -13.6847  -7.46132  0 ;
  0  9.49882  17.4246  21.9659  21.1412  13.6581  0.794851  -12.0909  -17.5944  -12.0909  0.794851  13.6581  21.1412  21.9659  17.4246  9.49883  -7.27335E-15  -9.49883  -17.4246  -21.9659  -21.1412  -13.6581  -0.794851  12.0909  17.5944  12.0909  -0.794851  -13.6581  -21.1412  -21.9659  -17.4246  -9.49882  0 ;
  0  11.1804  20.5263  25.9365  25.1357  16.6725  2.05621  -12.5789  -18.8246  -12.5789  2.05621  16.6725  25.1357  25.9365  20.5263  11.1804  -7.0589E-15  -11.1804  -20.5263  -25.9365  -25.1357  -16.6725  -2.05621  12.5789  18.8246  12.5789  -2.05621  -16.6725  -25.1357  -25.9365  -20.5263  -11.1804  0 ;
  0  12.4261  22.8183  28.8509  28.0142  18.7192  2.64738  -13.4401  -20.3034  -13.4401  2.64738  18.7192  28.0142  28.8509  22.8183  12.4261  -6.01171E-15  -12.4261  -22.8183  -28.8509  -28.0142  -18.7192  -2.64738  13.4401  20.3034  13.4401  -2.64738  -18.7192  -28.0142  -28.8509  -22.8183  -12.4261  0 ;
  0  13.1818  24.1909  30.5323  29.4918  19.3201  1.79543  -15.7539  -23.2458  -15.7539  1.79543  19.3201  29.4918  30.5323  24.1909  13.1818  -4.28911E-15  -13.1818  -24.1909  -30.5323  -29.4918  -19.3201  -1.79543  15.7539  23.2458  15.7539  -1.79543  -19.3201  -29.4918  -30.5323  -24.1909  -13.1818  0 ;
  0  13.4332  24.6413  31.0613  29.8895  19.2949  1.0853  -17.1566  -24.948  -17.1566  1.0853  19.2949  29.8895  31.0613  24.6413  13.4332  -4.26597E-15  -13.4332  -24.6413  -31.0613  -29.8895  -19.2949  -1.0853  17.1566  24.948  17.1566  -1.0853  -19.2949  -29.8895  -31.0613  -24.6413  -13.4332  0 ;
  0  13.1818  24.1909  30.5323  29.4918  19.3201  1.79543  -15.7539  -23.2458  -15.7539  1.79543  19.3201  29.4918  30.5323  24.1909  13.1818  -4.29776E-15  -13.1818  -24.1909  -30.5323  -29.4918  -19.3201  -1.79543  15.7539  23.2458  15.7539  -1.79543  -19.3201  -29.4918  -30.5323  -24.1909  -13.1818  0 ;
  0  12.4261  22.8183  28.8509  28.0142  18.7192  2.64738  -13.4401  -20.3034  -13.4401  2.64738  18.7192  28.0142  28.8509  22.8183  12.4261  -3.5482E-15  -12.4261  -22.8183  -28.8509  -28.0142  -18.7192  -2.64738  13.4401  20.3034  13.4401  -2.64738  -18.7192  -28.0142  -28.8509  -22.8183  -12.4261  0 ;
  0  11.1804  20.5263  25.9365  25.1357  16.6725  2.05621  -12.5789  -18.8246  -12.5789  2.05621  16.6725  25.1357  25.9365  20.5263  11.1804  -3.75349E-15  -11.1804  -20.5263  -25.9365  -25.1357  -16.6725  -2.05621  12.5789  18.8246  12.5789  -2.05621  -16.6725  -25.1357  -25.9365  -20.5263  -11.1804  0 ;
  0  9.49882  17.4246  21.9659  21.1412  13.6581  0.794851  -12.0909  -17.5944  -12.0909  0.794851  13.6581  21.1412  21.9659  17.4246  9.49883  -4.50148E-15  -9.49883  -17.4246  -21.9659  -21.1412  -13.6581  -0.794851  12.0909  17.5944  12.0909  -0.794851  -13.6581  -21.1412  -21.9659  -17.4246  -9.49882  0 ;
  0  7.46132  13.6847  17.2436  16.5764  10.6628  0.509249  -9.65945  -14.0023  -9.65945  0.509249  10.6628  16.5764  17.2436  13.6847  7.46132  -4.44766E-15  -7.46132  -13.6847  -17.2436  -16.5764  -10.6628  -0.509249  9.65945  14.0023  9.65945  -0.509249  -10.6628  -16.5764  -17.2436  -13.6847  -7.46132  0 ;
  0  5.1461  9.44896  11.9442  11.5906  7.72895  1.05678  -5.62061  -8.46916  -5.62061  1.05678  7.72895  11.5906  11.9442  9.44896  5.1461  -2.78955E-15  -5.1461  -9.44896  -11.9442  -11.5906  -7.72895  -1.05678  5.62061  8.46916  5.62061  -1.05678  -7.72895  -11.5906  -11.9442  -9.44896  -5.1461  0 ;
  0  2.62851  4.834  6.13754  6.03174  4.20867  1.02477  -2.16073  -3.51792  -2.16073  1.02477  4.20867  6.03174  6.13754  4.834  2.62851  -1.51632E-15  -2.62851  -4.834  -6.13754  -6.03174  -4.20867  -1.02477  2.16073  3.51792  2.16073  -1.02477  -4.20867  -6.03174  -6.13754  -4.834  -2.62851  0 ;
  0  0  0  0  0  0  0  0  0  0  0  0  0  0  0  0  0  0  0  0  0  0  0  0  0  0  0  0  0  0  0  0  0 ;
];

u{5} = [ ...    % states u(k,x,y)
  0  0  0  0  0  0  0  0  0  0  0  0  0  0  0  0  0  0  0  0  0  0  0  0  0  0  0  0  0  0  0  0  0 ;
  0  2.21694  4.01193  4.95671  4.67993  3.05874  0.505266  -1.91443  -2.91883  -1.91443  0.505266  3.05874  4.67993  4.95671  4.01193  2.21694  -4.74657E-16  -2.21694  -4.01193  -4.95671  -4.67993  -3.05874  -0.505266  1.91443  2.91883  1.91443  -0.505266  -3.05874  -4.67993  -4.95671  -4.01193  -2.21694  0 ;
  0  4.34139  7.84698  9.66322  9.03933  5.70983  0.486164  -4.47134  -6.53233  -4.47134  0.486164  5.70983  9.03933  9.66322  7.84698  4.34139  -1.26213E-15  -4.34139  -7.84698  -9.66322  -9.03933  -5.70983  -0.486164  4.47134  6.53233  4.47134  -0.486164  -5.70983  -9.03933  -9.66322  -7.84698  -4.34139  0 ;
  0  6.29585  11.3702  13.9701  12.9813  7.99056  0.176292  -7.25086  -10.3426  -7.25085  0.176292  7.99056  12.9813  13.9701  11.3702  6.29585  -2.14585E-15  -6.29585  -11.3702  -13.9701  -12.9813  -7.99056  -0.176292  7.25085  10.3426  7.25086  -0.176292  -7.99056  -12.9813  -13.9701  -11.3702  -6.29585  0 ;
  0  8.01512  14.4774  17.7944  16.5515  10.2252  0.313184  -9.10904  -13.0314  -9.10904  0.313185  10.2252  16.5515  17.7944  14.4774  8.01512  -2.70857E-15  -8.01512  -14.4774  -17.7944  -16.5515  -10.2252  -0.313185  9.10904  13.0314  9.10904  -0.313184  -10.2252  -16.5515  -17.7944  -14.4774  -8.01512  0 ;
  0  9.43285  17.0487  20.9905  19.621  12.3548  0.95195  -9.87632  -14.3798  -9.87632  0.95195  12.3548  19.621  20.9905  17.0487  9.43286  -2.37262E-15  -9.43286  -17.0487  -20.9905  -19.621  -12.3548  -0.95195  9.87632  14.3798  9.87632  -0.95195  -12.3548  -19.621  -20.9905  -17.0487  -9.43285  0 ;
  0  10.4833  18.9503  23.3419  21.8476  13.8272  1.23759  -10.7123  -15.6805  -10.7123  1.23759  13.8272  21.8476  23.3419  18.9503  10.4833  -2.81008E-15  -10.4833  -18.9503  -23.3419  -21.8476  -13.8272  -1.23759  10.7123  15.6805  10.7123  -1.23759  -13.8272  -21.8476  -23.3419  -18.9503  -10.4833  0 ;
  0  11.1221  20.0955  24.7207  23.0516  14.3808  0.785928  -12.1293  -17.5029  -12.1293  0.785928  14.3808  23.0516  24.7207  20.0955  11.1221  -2.08277E-15  -11.1221  -20.0955  -24.7207  -23.0516  -14.3808  -0.785928  12.1293  17.5029  12.1293  -0.785928  -14.3808  -23.0516  -24.7207  -20.0955  -11.1221  0 ;
  0  11.335  20.4736  25.163  23.4014  14.4469  0.417315  -12.9196  -18.4718  -12.9196  0.417316  14.4469  23.4014  25.163  20.4736  11.335  -2.65731E-15  -11.335  -20.4736  -25.163  -23.4014  -14.4469  -0.417316  12.9196  18.4718  12.9196  -0.417315  -14.4469  -23.4014  -25.163  -20.4736  -11.335  0 ;
  0  11.1221  20.0955  24.7207  23.0516  14.3808  0.785928  -12.1293  -17.5029  -12.1293  0.785928  14.3808  23.0516  24.7207  20.0955  11.1221  -2.88858E-15  -11.1221  -20.0955  -24.7207  -23.0516  -14.3808  -0.785928  12.1293  17.5029  12.1293  -0.785928  -14.3808  -23.0516  -24.7207  -20.0955  -11.1221  0 ;
  0  10.4833  18.9503  23.3419  21.8476  13.8272  1.23759  -10.7123  -15.6805  -10.7123  1.23759  13.8272  21.8476  23.3419  18.9503  10.4833  -3.50655E-15  -10.4833  -18.9503  -23.3419  -21.8476  -13.8272  -1.23759  10.7123  15.6805  10.7123  -1.23759  -13.8272  -21.8476  -23.3419  -18.9503  -10.4833  0 ;
  0  9.43285  17.0487  20.9905  19.621  12.3548  0.95195  -9.87632  -14.3798  -9.87632  0.95195  12.3548  19.621  20.9905  17.0487  9.43286  -4.12954E-15  -9.43286  -17.0487  -20.9905  -19.621  -12.3548  -0.95195  9.87632  14.3798  9.87632  -0.95195  -12.3548  -19.621  -20.9905  -17.0487  -9.43285  0 ;
  0  8.01512  14.4774  17.7944  16.5515  10.2252  0.313184  -9.10904  -13.0314  -9.10904  0.313185  10.2252  16.5515  17.7944  14.4774  8.01512  -4.79849E-15  -8.01512  -14.4774  -17.7944  -16.5515  -10.2252  -0.313185  9.10904  13.0314  9.10904  -0.313184  -10.2252  -16.5515  -17.7944  -14.4774  -8.01512  0 ;
  0  6.29585  11.3702  13.9701  12.9813  7.99056  0.176292  -7.25086  -10.3426  -7.25085  0.176292  7.99056  12.9813  13.9701  11.3702  6.29585  -4.37093E-15  -6.29585  -11.3702  -13.9701  -12.9813  -7.99056  -0.176292  7.25085  10.3426  7.25086  -0.176292  -7.99056  -12.9813  -13.9701  -11.3702  -6.29585  0 ;
  0  4.34139  7.84698  9.66322  9.03933  5.70983  0.486164  -4.47134  -6.53233  -4.47134  0.486164  5.70983  9.03933  9.66322  7.84698  4.34139  -3.05132E-15  -4.34139  -7.84698  -9.66322  -9.03933  -5.70983  -0.486164  4.47134  6.53233  4.47134  -0.486164  -5.70983  -9.03933  -9.66322  -7.84698  -4.34139  0 ;
  0  2.21694  4.01193  4.95671  4.67993  3.05874  0.505266  -1.91443  -2.91883  -1.91443  0.505266  3.05874  4.67993  4.95671  4.01193  2.21694  -1.64909E-15  -2.21694  -4.01193  -4.95671  -4.67993  -3.05874  -0.505266  1.91443  2.91883  1.91443  -0.505266  -3.05874  -4.67993  -4.95671  -4.01193  -2.21694  0 ;
  0  0  0  0  0  0  0  0  0  0  0  0  0  0  0  0  0  0  0  0  0  0  0  0  0  0  0  0  0  0  0  0  0 ;
];

u{6} = [ ...    % states u(k,x,y)
  0  0  0  0  0  0  0  0  0  0  0  0  0  0  0  0  0  0  0  0  0  0  0  0  0  0  0  0  0  0  0  0  0 ;
  0  1.84238  3.29226  3.98389  3.65202  2.27665  0.251389  -1.59761  -2.35141  -1.59761  0.251389  2.27665  3.65202  3.98389  3.29226  1.84238  2.27726E-16  -1.84238  -3.29226  -3.98389  -3.65202  -2.27665  -0.251389  1.59761  2.35141  1.59761  -0.251389  -2.27665  -3.65202  -3.98389  -3.29226  -1.84238  0 ;
  0  3.6091  6.44358  7.77859  7.0819  4.30115  0.209812  -3.53393  -5.0629  -3.53393  0.209812  4.30115  7.0819  7.77859  6.44358  3.6091  4.51393E-16  -3.6091  -6.44358  -7.77859  -7.0819  -4.30115  -0.209812  3.53393  5.0629  3.53393  -0.209812  -4.30115  -7.0819  -7.77859  -6.44358  -3.6091  0 ;
  0  5.23514  9.34112  11.258  10.2003  6.07647  0.00910923  -5.55396  -7.82939  -5.55396  0.00910944  6.07647  10.2003  11.2581  9.34113  5.23515  7.29797E-16  -5.23515  -9.34113  -11.2581  -10.2003  -6.07647  -0.00910944  5.55396  7.82939  5.55396  -0.00910923  -6.07647  -10.2003  -11.258  -9.34112  -5.23514  0 ;
  0  6.66463  11.8932  14.3382  13.0014  7.76771  0.0643044  -6.99922  -9.88835  -6.99922  0.0643047  7.76772  13.0014  14.3382  11.8932  6.66463  1.01768E-15  -6.66463  -11.8932  -14.3382  -13.0014  -7.76772  -0.0643047  6.99922  9.88835  6.99922  -0.0643044  -7.76771  -13.0014  -14.3382  -11.8932  -6.66463  0 ;
  0  7.84224  14.0011  16.9003  15.3802  9.32213  0.404113  -7.76161  -11.098  -7.76161  0.404114  9.32213  15.3802  16.9003  14.0011  7.84225  5.38245E-16  -7.84225  -14.0011  -16.9003  -15.3802  -9.32213  -0.404114  7.76161  11.098  7.76161  -0.404113  -9.32213  -15.3802  -16.9003  -14.0011  -7.84224  0 ;
  0  8.71522  15.5613  18.7894  17.1154  10.4132  0.548502  -8.47908  -12.1662  -8.47908  0.548503  10.4132  17.1154  18.7894  15.5613  8.71522  -2.18348E-16  -8.71522  -15.5613  -18.7894  -17.1154  -10.4132  -0.548503  8.47908  12.1662  8.47908  -0.548502  -10.4132  -17.1154  -18.7894  -15.5613  -8.71522  0 ;
  0  9.24735  16.5058  19.9111  18.0873  10.885  0.284509  -9.4277  -13.3979  -9.4277  0.284509  10.885  18.0873  19.9111  16.5058  9.24735  -5.43484E-16  -9.24735  -16.5058  -19.9111  -18.0873  -10.885  -0.284509  9.4277  13.3979  9.4277  -0.284509  -10.885  -18.0873  -19.9111  -16.5058  -9.24735  0 ;
  0  9.42524  16.8193  20.276  18.3829  10.9762  0.0741116  -9.923  -14.0122  -9.923  0.074112  10.9762  18.3829  20.276  16.8193  9.42525  -4.29823E-16  -9.42525  -16.8193  -20.276  -18.3829  -10.9762  -0.074112  9.923  14.0122  9.923  -0.0741116  -10.9762  -18.3829  -20.276  -16.8193  -9.42524  0 ;
  0  9.24735  16.5058  19.9111  18.0873  10.885  0.284509  -9.4277  -13.3979  -9.4277  0.284509  10.885  18.0873  19.9111  16.5058  9.24735  -3.8565E-16  -9.24735  -16.5058  -19.9111  -18.0873  -10.885  -0.284509  9.4277  13.3979  9.4277  -0.284509  -10.885  -18.0873  -19.9111  -16.5058  -9.24735  0 ;
  0  8.71522  15.5613  18.7894  17.1154  10.4132  0.548502  -8.47908  -12.1662  -8.47908  0.548503  10.4132  17.1154  18.7894  15.5613  8.71522  -8.08881E-16  -8.71522  -15.5613  -18.7894  -17.1154  -10.4132  -0.548503  8.47908  12.1662  8.47908  -0.548502  -10.4132  -17.1154  -18.7894  -15.5613  -8.71522  0 ;
  0  7.84224  14.0011  16.9003  15.3802  9.32213  0.404113  -7.76161  -11.098  -7.76161  0.404114  9.32213  15.3802  16.9003  14.0011  7.84225  -1.37288E-15  -7.84225  -14.0011  -16.9003  -15.3802  -9.32213  -0.404114  7.76161  11.098  7.76161  -0.404113  -9.32213  -15.3802  -16.9003  -14.0011  -7.84224  0 ;
  0  6.66463  11.8932  14.3382  13.0014  7.76771  0.0643044  -6.99922  -9.88835  -6.99922  0.0643047  7.76772  13.0014  14.3382  11.8932  6.66463  -1.73074E-15  -6.66463  -11.8932  -14.3382  -13.0014  -7.76772  -0.0643047  6.99922  9.88835  6.99922  -0.0643044  -7.76771  -13.0014  -14.3382  -11.8932  -6.66463  0 ;
  0  5.23514  9.34112  11.258  10.2003  6.07647  0.00910923  -5.55396  -7.82939  -5.55396  0.00910944  6.07647  10.2003  11.2581  9.34113  5.23515  -2.1335E-15  -5.23515  -9.34113  -11.2581  -10.2003  -6.07647  -0.00910944  5.55396  7.82939  5.55396  -0.00910923  -6.07647  -10.2003  -11.258  -9.34112  -5.23514  0 ;
  0  3.6091  6.44358  7.77859  7.0819  4.30115  0.209812  -3.53393  -5.0629  -3.53393  0.209812  4.30115  7.0819  7.77859  6.44358  3.6091  -1.58719E-15  -3.6091  -6.44358  -7.77859  -7.0819  -4.30115  -0.209812  3.53393  5.0629  3.53393  -0.209812  -4.30115  -7.0819  -7.77859  -6.44358  -3.6091  0 ;
  0  1.84238  3.29226  3.98389  3.65202  2.27665  0.251389  -1.59761  -2.35141  -1.59761  0.251389  2.27665  3.65202  3.98389  3.29226  1.84238  -8.31373E-16  -1.84238  -3.29226  -3.98389  -3.65202  -2.27665  -0.251389  1.59761  2.35141  1.59761  -0.251389  -2.27665  -3.65202  -3.98389  -3.29226  -1.84238  0 ;
  0  0  0  0  0  0  0  0  0  0  0  0  0  0  0  0  0  0  0  0  0  0  0  0  0  0  0  0  0  0  0  0  0 ;
];

u{7} = [ ...    % states u(k,x,y)
  0  0  0  0  0  0  0  0  0  0  0  0  0  0  0  0  0  0  0  0  0  0  0  0  0  0  0  0  0  0  0  0  0 ;
  0  1.51444  2.68026  3.19327  2.86507  1.72717  0.126434  -1.29761  -1.87093  -1.29761  0.126434  1.72717  2.86507  3.19327  2.68026  1.51444  -6.88486E-17  -1.51444  -2.68026  -3.19327  -2.86507  -1.72717  -0.126434  1.29761  1.87093  1.29761  -0.126434  -1.72717  -2.86507  -3.19327  -2.68026  -1.51444  0 ;
  0  2.9676  5.24862  6.24207  5.5712  3.28934  0.0767511  -2.78928  -3.9455  -2.78928  0.0767512  3.28934  5.5712  6.24207  5.24862  2.96761  -2.11123E-16  -2.96761  -5.24862  -6.24207  -5.5712  -3.28934  -0.0767512  2.78928  3.9455  2.78928  -0.0767511  -3.28934  -5.5712  -6.24207  -5.24862  -2.9676  0 ;
  0  4.30555  7.61168  9.04143  8.03997  4.67458  -0.0686542  -4.31045  -6.0246  -4.31045  -0.068654  4.67458  8.03997  9.04144  7.61168  4.30555  -4.81124E-16  -4.30555  -7.61168  -9.04144  -8.03997  -4.67458  0.068654  4.31045  6.0246  4.31045  0.0686542  -4.67458  -8.03997  -9.04143  -7.61168  -4.30555  0 ;
  0  5.48106  9.69075  11.5138  10.2449  5.97047  -0.0554702  -5.4444  -7.62206  -5.4444  -0.0554699  5.97047  10.2449  11.5138  9.69075  5.48106  -9.31532E-16  -5.48106  -9.69075  -11.5138  -10.2449  -5.97047  0.0554699  5.4444  7.62206  5.4444  0.0554702  -5.97047  -10.2449  -11.5138  -9.69075  -5.48106  0 ;
  0  6.44861  11.4053  13.5635  12.1026  7.13486  0.13636  -6.11165  -8.63341  -6.11165  0.13636  7.13486  12.1026  13.5635  11.4053  6.44861  -1.66855E-15  -6.44861  -11.4053  -13.5635  -12.1026  -7.13486  -0.13636  6.11165  8.63341  6.11165  -0.13636  -7.13486  -12.1026  -13.5635  -11.4053  -6.44861  0 ;
  0  7.1662  12.6754  15.0775  13.4631  7.96123  0.213039  -6.69989  -9.4888  -6.69989  0.213039  7.96123  13.4631  15.0775  12.6754  7.1662  -2.51845E-15  -7.1662  -12.6754  -15.0775  -13.4631  -7.96123  -0.213039  6.69989  9.4888  6.69989  -0.213039  -7.96123  -13.4631  -15.0775  -12.6754  -7.1662  0 ;
  0  7.60461  13.4475  15.9845  14.2426  8.34841  0.0427883  -7.37774  -10.3744  -7.37774  0.0427887  8.34841  14.2426  15.9845  13.4475  7.60461  -3.07426E-15  -7.60461  -13.4475  -15.9845  -14.2426  -8.34841  -0.0427887  7.37774  10.3744  7.37774  -0.0427883  -8.34841  -14.2426  -15.9845  -13.4475  -7.60461  0 ;
  0  7.7515  13.7048  16.2824  14.4862  8.43762  -0.0896149  -7.71597  -10.7979  -7.71597  -0.0896145  8.43762  14.4862  16.2824  13.7048  7.7515  -3.30119E-15  -7.7515  -13.7048  -16.2824  -14.4862  -8.43762  0.0896145  7.71597  10.7979  7.71597  0.0896149  -8.43762  -14.4862  -16.2824  -13.7048  -7.7515  0 ;
  0  7.60461  13.4475  15.9845  14.2426  8.34841  0.0427883  -7.37774  -10.3744  -7.37774  0.0427887  8.34841  14.2426  15.9845  13.4475  7.60461  -2.8603E-15  -7.60461  -13.4475  -15.9845  -14.2426  -8.34841  -0.0427887  7.37774  10.3744  7.37774  -0.0427883  -8.34841  -14.2426  -15.9845  -13.4475  -7.60461  0 ;
  0  7.1662  12.6754  15.0775  13.4631  7.96123  0.213039  -6.69989  -9.4888  -6.69989  0.213039  7.96123  13.4631  15.0775  12.6754  7.1662  -2.32026E-15  -7.1662  -12.6754  -15.0775  -13.4631  -7.96123  -0.213039  6.69989  9.4888  6.69989  -0.213039  -7.96123  -13.4631  -15.0775  -12.6754  -7.1662  0 ;
  0  6.44861  11.4053  13.5635  12.1026  7.13486  0.13636  -6.11165  -8.63341  -6.11165  0.13636  7.13486  12.1026  13.5635  11.4053  6.44861  -2.55691E-15  -6.44861  -11.4053  -13.5635  -12.1026  -7.13486  -0.13636  6.11165  8.63341  6.11165  -0.13636  -7.13486  -12.1026  -13.5635  -11.4053  -6.44861  0 ;
  0  5.48106  9.69075  11.5138  10.2449  5.97047  -0.0554702  -5.4444  -7.62206  -5.4444  -0.0554699  5.97047  10.2449  11.5138  9.69075  5.48106  -2.38817E-15  -5.48106  -9.69075  -11.5138  -10.2449  -5.97047  0.0554699  5.4444  7.62206  5.4444  0.0554702  -5.97047  -10.2449  -11.5138  -9.69075  -5.48106  0 ;
  0  4.30555  7.61168  9.04143  8.03997  4.67458  -0.0686542  -4.31045  -6.0246  -4.31045  -0.068654  4.67458  8.03997  9.04144  7.61168  4.30555  -2.29242E-15  -4.30555  -7.61168  -9.04144  -8.03997  -4.67458  0.068654  4.31045  6.0246  4.31045  0.0686542  -4.67458  -8.03997  -9.04143  -7.61168  -4.30555  0 ;
  0  2.9676  5.24862  6.24207  5.5712  3.28934  0.0767511  -2.78928  -3.9455  -2.78928  0.0767512  3.28934  5.5712  6.24207  5.24862  2.96761  -1.6486E-15  -2.96761  -5.24862  -6.24207  -5.5712  -3.28934  -0.0767512  2.78928  3.9455  2.78928  -0.0767511  -3.28934  -5.5712  -6.24207  -5.24862  -2.9676  0 ;
  0  1.51444  2.68026  3.19327  2.86507  1.72717  0.126434  -1.29761  -1.87093  -1.29761  0.126434  1.72717  2.86507  3.19327  2.68026  1.51444  -8.05621E-16  -1.51444  -2.68026  -3.19327  -2.86507  -1.72717  -0.126434  1.29761  1.87093  1.29761  -0.126434  -1.72717  -2.86507  -3.19327  -2.68026  -1.51444  0 ;
  0  0  0  0  0  0  0  0  0  0  0  0  0  0  0  0  0  0  0  0  0  0  0  0  0  0  0  0  0  0  0  0  0 ;
];

u{8} = [ ...    % states u(k,x,y)
  0  0  0  0  0  0  0  0  0  0  0  0  0  0  0  0  0  0  0  0  0  0  0  0  0  0  0  0  0  0  0  0  0 ;
  0  1.23488  2.16971  2.55543  2.25754  1.32936  0.0644466  -1.04056  -1.48156  -1.04056  0.0644467  1.32936  2.25754  2.55543  2.16971  1.23488  -7.39119E-17  -1.23488  -2.16971  -2.55543  -2.25754  -1.32936  -0.0644467  1.04056  1.48156  1.04056  -0.0644466  -1.32936  -2.25754  -2.55543  -2.16971  -1.23488  0 ;
  0  2.4204  4.25055  4.99924  4.39775  2.54457  0.0145992  -2.20267  -3.08955  -2.20267  0.0145994  2.54457  4.39775  4.99924  4.25055  2.4204  -4.06658E-16  -2.4204  -4.25055  -4.99924  -4.39775  -2.54457  -0.0145994  2.20267  3.08955  2.20267  -0.0145992  -2.54457  -4.39775  -4.99924  -4.25055  -2.4204  0 ;
  0  3.51222  6.16591  7.24509  6.35426  3.62897  -0.0980763  -3.37336  -4.68588  -3.37336  -0.0980761  3.62897  6.35426  7.24509  6.16591  3.51223  -4.64585E-16  -3.51223  -6.16591  -7.24509  -6.35426  -3.62897  0.0980761  3.37336  4.68588  3.37336  0.0980763  -3.62897  -6.35426  -7.24509  -6.16591  -3.51222  0 ;
  0  4.47101  7.84972  9.22537  8.09517  4.63205  -0.104698  -4.26716  -5.93514  -4.26716  -0.104698  4.63205  8.09518  9.22537  7.84972  4.47101  -7.48954E-16  -4.47101  -7.84972  -9.22537  -8.09518  -4.63205  0.104698  4.26716  5.93514  4.26716  0.104698  -4.63205  -8.09517  -9.22537  -7.84972  -4.47101  0 ;
  0  5.25966  9.23677  10.8635  9.55456  5.52117  0.0108905  -4.82199  -6.75604  -4.82199  0.0108908  5.52118  9.55456  10.8635  9.23677  5.25966  -8.72153E-16  -5.25966  -9.23677  -10.8635  -9.55456  -5.52118  -0.0108908  4.82199  6.75604  4.82199  -0.0108905  -5.52117  -9.55456  -10.8635  -9.23677  -5.25966  0 ;
  0  5.8448  10.265  12.075  10.6264  6.15693  0.0538624  -5.29518  -7.43476  -5.29518  0.0538628  6.15693  10.6264  12.075  10.265  5.8448  -1.04116E-15  -5.8448  -10.265  -12.075  -10.6264  -6.15693  -0.0538628  5.29518  7.43476  5.29518  -0.0538624  -6.15693  -10.6264  -12.075  -10.265  -5.8448  0 ;
  0  6.20292  10.8918  12.8052  11.2492  6.4688  -0.0650969  -5.80065  -8.09729  -5.80065  -0.0650965  6.4688  11.2492  12.8052  10.8918  6.20292  -8.16966E-16  -6.20292  -10.8918  -12.8052  -11.2492  -6.4688  0.0650965  5.80065  8.09729  5.80065  0.0650969  -6.4688  -11.2492  -12.8052  -10.8918  -6.20292  0 ;
  0  6.32312  11.1013  13.0464  11.4469  6.54682  -0.1556  -6.04586  -8.40631  -6.04586  -0.155599  6.54682  11.4469  13.0464  11.1013  6.32312  -4.61984E-16  -6.32312  -11.1013  -13.0464  -11.4469  -6.54682  0.155599  6.04586  8.40631  6.04586  0.1556  -6.54682  -11.4469  -13.0464  -11.1013  -6.32312  0 ;
  0  6.20292  10.8918  12.8052  11.2492  6.4688  -0.0650969  -5.80065  -8.09729  -5.80065  -0.0650965  6.4688  11.2492  12.8052  10.8918  6.20292  -6.13895E-16  -6.20292  -10.8918  -12.8052  -11.2492  -6.4688  0.0650965  5.80065  8.09729  5.80065  0.0650969  -6.4688  -11.2492  -12.8052  -10.8918  -6.20292  0 ;
  0  5.8448  10.265  12.075  10.6264  6.15693  0.0538624  -5.29518  -7.43476  -5.29518  0.0538628  6.15693  10.6264  12.075  10.265  5.8448  -1.11738E-15  -5.8448  -10.265  -12.075  -10.6264  -6.15693  -0.0538628  5.29518  7.43476  5.29518  -0.0538624  -6.15693  -10.6264  -12.075  -10.265  -5.8448  0 ;
  0  5.25966  9.23677  10.8635  9.55456  5.52117  0.0108905  -4.82199  -6.75604  -4.82199  0.0108908  5.52118  9.55456  10.8635  9.23677  5.25966  -2.10477E-15  -5.25966  -9.23677  -10.8635  -9.55456  -5.52118  -0.0108908  4.82199  6.75604  4.82199  -0.0108905  -5.52117  -9.55456  -10.8635  -9.23677  -5.25966  0 ;
  0  4.47101  7.84972  9.22537  8.09517  4.63205  -0.104698  -4.26716  -5.93514  -4.26716  -0.104698  4.63205  8.09518  9.22537  7.84972  4.47101  -2.79648E-15  -4.47101  -7.84972  -9.22537  -8.09518  -4.63205  0.104698  4.26716  5.93514  4.26716  0.104698  -4.63205  -8.09517  -9.22537  -7.84972  -4.47101  0 ;
  0  3.51222  6.16591  7.24509  6.35426  3.62897  -0.0980763  -3.37336  -4.68588  -3.37336  -0.0980761  3.62897  6.35426  7.24509  6.16591  3.51223  -2.51696E-15  -3.51223  -6.16591  -7.24509  -6.35426  -3.62897  0.0980761  3.37336  4.68588  3.37336  0.0980763  -3.62897  -6.35426  -7.24509  -6.16591  -3.51222  0 ;
  0  2.4204  4.25055  4.99924  4.39775  2.54457  0.0145992  -2.20267  -3.08955  -2.20267  0.0145994  2.54457  4.39775  4.99924  4.25055  2.4204  -1.64373E-15  -2.4204  -4.25055  -4.99924  -4.39775  -2.54457  -0.0145994  2.20267  3.08955  2.20267  -0.0145992  -2.54457  -4.39775  -4.99924  -4.25055  -2.4204  0 ;
  0  1.23488  2.16971  2.55543  2.25754  1.32936  0.0644466  -1.04056  -1.48156  -1.04056  0.0644467  1.32936  2.25754  2.55543  2.16971  1.23488  -8.48111E-16  -1.23488  -2.16971  -2.55543  -2.25754  -1.32936  -0.0644467  1.04056  1.48156  1.04056  -0.0644466  -1.32936  -2.25754  -2.55543  -2.16971  -1.23488  0 ;
  0  0  0  0  0  0  0  0  0  0  0  0  0  0  0  0  0  0  0  0  0  0  0  0  0  0  0  0  0  0  0  0  0 ;
];

u{9} = [ ...    % states u(k,x,y)
  0  0  0  0  0  0  0  0  0  0  0  0  0  0  0  0  0  0  0  0  0  0  0  0  0  0  0  0  0  0  0  0  0 ;
  0  1.001  1.74931  2.043  1.7849  1.03413  0.0335838  -0.829306  -1.17156  -0.829306  0.0335839  1.03413  1.7849  2.043  1.74931  1.001  1.04371E-16  -1.001  -1.74931  -2.043  -1.7849  -1.03413  -0.0335839  0.829306  1.17156  0.829306  -0.0335838  -1.03413  -1.7849  -2.043  -1.74931  -1.001  0 ;
  0  1.96234  3.42795  3.99884  3.48095  1.98553  -0.0121172  -1.74098  -2.42837  -1.74098  -0.0121171  1.98553  3.48095  3.99884  3.42795  1.96234  1.30436E-16  -1.96234  -3.42795  -3.99884  -3.48095  -1.98553  0.0121171  1.74098  2.42837  1.74098  0.0121172  -1.98553  -3.48095  -3.99884  -3.42795  -1.96234  0 ;
  0  2.84786  4.97353  5.79725  5.03332  2.8375  -0.101998  -2.65349  -3.66997  -2.65349  -0.101998  2.83751  5.03332  5.79725  4.97353  2.84786  1.81183E-16  -2.84786  -4.97353  -5.79725  -5.03332  -2.83751  0.101998  2.65349  3.66997  2.65349  0.101998  -2.8375  -5.03332  -5.79725  -4.97353  -2.84786  0 ;
  0  3.6252  6.33148  7.38127  6.41132  3.62021  -0.116482  -3.35974  -4.65175  -3.35974  -0.116482  3.62021  6.41132  7.38127  6.33148  3.6252  1.13108E-16  -3.6252  -6.33148  -7.38127  -6.41132  -3.62021  0.116482  3.35974  4.65175  3.35974  0.116482  -3.62021  -6.41132  -7.38127  -6.33148  -3.6252  0 ;
  0  4.2643  7.44926  8.68977  7.56298  4.30852  -0.0420982  -3.81031  -5.30931  -3.81031  -0.0420979  4.30852  7.56298  8.68977  7.44926  4.2643  -3.1788E-16  -4.2643  -7.44926  -8.68977  -7.56298  -4.30852  0.0420979  3.81031  5.30931  3.81031  0.0420982  -4.30852  -7.56298  -8.68977  -7.44926  -4.2643  0 ;
  0  4.73862  8.27826  9.65832  8.4104  4.80307  -0.0165214  -4.1878  -5.84629  -4.18779  -0.016521  4.80307  8.4104  9.65832  8.27826  4.73862  -1.15542E-15  -4.73862  -8.27826  -9.65832  -8.4104  -4.80307  0.016521  4.18779  5.84629  4.1878  0.0165214  -4.80307  -8.4104  -9.65832  -8.27826  -4.73862  0 ;
  0  5.02929  8.78465  10.2443  8.90701  5.05215  -0.104283  -4.57458  -6.354  -4.57458  -0.104282  5.05215  8.90701  10.2443  8.78465  5.02929  -1.70246E-15  -5.02929  -8.78465  -10.2443  -8.90701  -5.05215  0.104282  4.57458  6.354  4.57458  0.104283  -5.05215  -8.90701  -10.2443  -8.78465  -5.02929  0 ;
  0  5.12698  8.95429  10.4387  9.06612  5.11715  -0.169915  -4.75916  -6.58746  -4.75916  -0.169915  5.11715  9.06612  10.4387  8.95429  5.12698  -2.17095E-15  -5.12698  -8.95429  -10.4387  -9.06612  -5.11715  0.169915  4.75916  6.58746  4.75916  0.169915  -5.11715  -9.06612  -10.4387  -8.95429  -5.12698  0 ;
  0  5.02929  8.78465  10.2443  8.90701  5.05215  -0.104283  -4.57458  -6.354  -4.57458  -0.104282  5.05215  8.90701  10.2443  8.78465  5.02929  -1.39734E-15  -5.02929  -8.78465  -10.2443  -8.90701  -5.05215  0.104282  4.57458  6.354  4.57458  0.104283  -5.05215  -8.90701  -10.2443  -8.78465  -5.02929  0 ;
  0  4.73862  8.27826  9.65832  8.4104  4.80307  -0.0165214  -4.1878  -5.84629  -4.18779  -0.016521  4.80307  8.4104  9.65832  8.27826  4.73862  -3.11535E-16  -4.73862  -8.27826  -9.65832  -8.4104  -4.80307  0.016521  4.18779  5.84629  4.1878  0.0165214  -4.80307  -8.4104  -9.65832  -8.27826  -4.73862  0 ;
  0  4.2643  7.44926  8.68977  7.56298  4.30852  -0.0420982  -3.81031  -5.30931  -3.81031  -0.0420979  4.30852  7.56298  8.68977  7.44926  4.2643  2.38425E-16  -4.2643  -7.44926  -8.68977  -7.56298  -4.30852  0.0420979  3.81031  5.30931  3.81031  0.0420982  -4.30852  -7.56298  -8.68977  -7.44926  -4.2643  0 ;
  0  3.6252  6.33148  7.38127  6.41132  3.62021  -0.116482  -3.35974  -4.65175  -3.35974  -0.116482  3.62021  6.41132  7.38127  6.33148  3.6252  4.44291E-16  -3.6252  -6.33148  -7.38127  -6.41132  -3.62021  0.116482  3.35974  4.65175  3.35974  0.116482  -3.62021  -6.41132  -7.38127  -6.33148  -3.6252  0 ;
  0  2.84786  4.97353  5.79725  5.03332  2.8375  -0.101998  -2.65349  -3.66997  -2.65349  -0.101998  2.83751  5.03332  5.79725  4.97353  2.84786  3.95019E-16  -2.84786  -4.97353  -5.79725  -5.03332  -2.83751  0.101998  2.65349  3.66997  2.65349  0.101998  -2.8375  -5.03332  -5.79725  -4.97353  -2.84786  0 ;
  0  1.96234  3.42795  3.99884  3.48095  1.98553  -0.0121172  -1.74098  -2.42837  -1.74098  -0.0121171  1.98553  3.48095  3.99884  3.42795  1.96234  9.46832E-17  -1.96234  -3.42795  -3.99884  -3.48095  -1.98553  0.0121171  1.74098  2.42837  1.74098  0.0121172  -1.98553  -3.48095  -3.99884  -3.42795  -1.96234  0 ;
  0  1.001  1.74931  2.043  1.7849  1.03413  0.0335838  -0.829306  -1.17156  -0.829306  0.0335839  1.03413  1.7849  2.043  1.74931  1.001  -7.88991E-18  -1.001  -1.74931  -2.043  -1.7849  -1.03413  -0.0335839  0.829306  1.17156  0.829306  -0.0335838  -1.03413  -1.7849  -2.043  -1.74931  -1.001  0 ;
  0  0  0  0  0  0  0  0  0  0  0  0  0  0  0  0  0  0  0  0  0  0  0  0  0  0  0  0  0  0  0  0  0 ;
];

u{10} = [ ...    % states u(k,x,y)
  0  0  0  0  0  0  0  0  0  0  0  0  0  0  0  0  0  0  0  0  0  0  0  0  0  0  0  0  0  0  0  0  0 ;
  0  0.807911  1.40629  1.63233  1.41489  0.810792  0.0183635  -0.658806  -0.926226  -0.658806  0.0183636  0.810793  1.41489  1.63233  1.40629  0.807912  2.73154E-16  -0.807912  -1.40629  -1.63233  -1.41489  -0.810793  -0.0183636  0.658806  0.926226  0.658806  -0.0183635  -0.810792  -1.41489  -1.63233  -1.40629  -0.807911  0 ;
  0  1.58401  2.75627  3.1961  2.76126  1.55954  -0.0210895  -1.37685  -1.9136  -1.37685  -0.0210894  1.55954  2.76126  3.1961  2.75627  1.58401  5.93304E-16  -1.58401  -2.75627  -3.1961  -2.76126  -1.55954  0.0210894  1.37685  1.9136  1.37685  0.0210895  -1.55954  -2.76126  -3.1961  -2.75627  -1.58401  0 ;
  0  2.29899  3.99947  4.63446  3.99442  2.23135  -0.0931446  -2.09311  -2.88657  -2.09311  -0.0931444  2.23135  3.99442  4.63446  3.99947  2.29899  7.78411E-16  -2.29899  -3.99947  -4.63446  -3.99442  -2.23135  0.0931444  2.09311  2.88657  2.09311  0.0931446  -2.23135  -3.99442  -4.63446  -3.99947  -2.29899  0 ;
  0  2.92646  5.09132  5.90044  5.08745  2.84599  -0.109292  -2.65179  -3.66043  -2.65179  -0.109292  2.84599  5.08745  5.90045  5.09132  2.92646  7.58598E-16  -2.92646  -5.09132  -5.90045  -5.08745  -2.84599  0.109292  2.65179  3.66043  2.65179  0.109292  -2.84599  -5.08745  -5.90044  -5.09132  -2.92646  0 ;
  0  3.44217  5.98963  6.94532  5.99926  3.38404  -0.0583553  -3.01338  -4.18392  -3.01338  -0.0583549  3.38404  5.99927  6.94532  5.98963  3.44217  3.07526E-16  -3.44217  -5.98963  -6.94532  -5.99927  -3.38404  0.0583549  3.01338  4.18392  3.01338  0.0583553  -3.38404  -5.99926  -6.94532  -5.98963  -3.44217  0 ;
  0  3.825  6.65608  7.71918  6.67101  3.7718  -0.0420262  -3.31333  -4.60847  -3.31333  -0.0420258  3.7718  6.67102  7.71918  6.65608  3.825  -6.28253E-17  -3.825  -6.65608  -7.71918  -6.67102  -3.7718  0.0420258  3.31333  4.60847  3.31333  0.0420262  -3.7718  -6.67101  -7.71918  -6.65608  -3.825  0 ;
  0  4.05982  7.06372  8.18851  7.06673  3.97011  -0.108823  -3.6137  -5.00297  -3.6137  -0.108822  3.97011  7.06673  8.18851  7.06372  4.05982  -2.06613E-16  -4.05982  -7.06372  -8.18851  -7.06673  -3.97011  0.108822  3.6137  5.00297  3.6137  0.108823  -3.97011  -7.06673  -8.18851  -7.06372  -4.05982  0 ;
  0  4.1388  7.20045  8.34457  7.19422  4.02307  -0.158206  -3.75572  -5.18296  -3.75572  -0.158205  4.02307  7.19422  8.34457  7.20045  4.1388  -5.13148E-16  -4.1388  -7.20045  -8.34457  -7.19422  -4.02307  0.158205  3.75572  5.18296  3.75572  0.158206  -4.02307  -7.19422  -8.34457  -7.20045  -4.1388  0 ;
  0  4.05982  7.06372  8.18851  7.06673  3.97011  -0.108823  -3.6137  -5.00297  -3.6137  -0.108822  3.97011  7.06673  8.18851  7.06372  4.05982  -1.18046E-16  -4.05982  -7.06372  -8.18851  -7.06673  -3.97011  0.108822  3.6137  5.00297  3.6137  0.108823  -3.97011  -7.06673  -8.18851  -7.06372  -4.05982  0 ;
  0  3.825  6.65608  7.71918  6.67101  3.7718  -0.0420262  -3.31333  -4.60847  -3.31333  -0.0420258  3.7718  6.67102  7.71918  6.65608  3.825  -1.52669E-16  -3.825  -6.65608  -7.71918  -6.67102  -3.7718  0.0420258  3.31333  4.60847  3.31333  0.0420262  -3.7718  -6.67101  -7.71918  -6.65608  -3.825  0 ;
  0  3.44217  5.98963  6.94532  5.99926  3.38404  -0.0583553  -3.01338  -4.18392  -3.01338  -0.0583549  3.38404  5.99927  6.94532  5.98963  3.44217  -5.5891E-16  -3.44217  -5.98963  -6.94532  -5.99927  -3.38404  0.0583549  3.01338  4.18392  3.01338  0.0583553  -3.38404  -5.99926  -6.94532  -5.98963  -3.44217  0 ;
  0  2.92646  5.09132  5.90044  5.08745  2.84599  -0.109292  -2.65179  -3.66043  -2.65179  -0.109292  2.84599  5.08745  5.90045  5.09132  2.92646  -8.47444E-16  -2.92646  -5.09132  -5.90045  -5.08745  -2.84599  0.109292  2.65179  3.66043  2.65179  0.109292  -2.84599  -5.08745  -5.90044  -5.09132  -2.92646  0 ;
  0  2.29899  3.99947  4.63446  3.99442  2.23135  -0.0931446  -2.09311  -2.88657  -2.09311  -0.0931444  2.23135  3.99442  4.63446  3.99947  2.29899  -7.36449E-16  -2.29899  -3.99947  -4.63446  -3.99442  -2.23135  0.0931444  2.09311  2.88657  2.09311  0.0931446  -2.23135  -3.99442  -4.63446  -3.99947  -2.29899  0 ;
  0  1.58401  2.75627  3.1961  2.76126  1.55954  -0.0210895  -1.37685  -1.9136  -1.37685  -0.0210894  1.55954  2.76126  3.1961  2.75627  1.58401  -5.36947E-16  -1.58401  -2.75627  -3.1961  -2.76126  -1.55954  0.0210894  1.37685  1.9136  1.37685  0.0210895  -1.55954  -2.76126  -3.1961  -2.75627  -1.58401  0 ;
  0  0.807911  1.40629  1.63233  1.41489  0.810792  0.0183635  -0.658806  -0.926226  -0.658806  0.0183636  0.810793  1.41489  1.63233  1.40629  0.807912  -2.58976E-16  -0.807912  -1.40629  -1.63233  -1.41489  -0.810793  -0.0183636  0.658806  0.926226  0.658806  -0.0183635  -0.810792  -1.41489  -1.63233  -1.40629  -0.807911  0 ;
  0  0  0  0  0  0  0  0  0  0  0  0  0  0  0  0  0  0  0  0  0  0  0  0  0  0  0  0  0  0  0  0  0 ;
];

u{11} = [ ...    % states u(k,x,y)
  0  0  0  0  0  0  0  0  0  0  0  0  0  0  0  0  0  0  0  0  0  0  0  0  0  0  0  0  0  0  0  0  0 ;
  0  0.650025  1.12819  1.30376  1.12385  0.639451  0.0111784  -0.522189  -0.732162  -0.522189  0.0111784  0.639451  1.12385  1.30376  1.12819  0.650025  -2.04162E-16  -0.650025  -1.12819  -1.30376  -1.12385  -0.639451  -0.0111784  0.522189  0.732162  0.522189  -0.0111784  -0.639451  -1.12385  -1.30376  -1.12819  -0.650025  0 ;
  0  1.27456  2.21148  2.55328  2.1942  1.2313  -0.0212318  -1.08867  -1.50999  -1.08867  -0.0212316  1.2313  2.1942  2.55328  2.21148  1.27456  -6.08966E-16  -1.27456  -2.21148  -2.55328  -2.1942  -1.2313  0.0212316  1.08867  1.50999  1.08867  0.0212318  -1.2313  -2.1942  -2.55328  -2.21148  -1.27456  0 ;
  0  1.84996  3.20919  3.70282  3.17494  1.76293  -0.0784629  -1.65275  -2.27546  -1.65275  -0.0784626  1.76293  3.17494  3.70282  3.20919  1.84996  -1.15103E-15  -1.84996  -3.20919  -3.70282  -3.17494  -1.76293  0.0784626  1.65275  2.27546  1.65275  0.0784629  -1.76293  -3.17494  -3.70282  -3.20919  -1.84996  0 ;
  0  2.35483  4.0852  4.71413  4.04342  2.24808  -0.0931854  -2.09466  -2.88629  -2.09466  -0.0931852  2.24808  4.04342  4.71413  4.0852  2.35483  -1.37983E-15  -2.35483  -4.0852  -4.71413  -4.04342  -2.24808  0.0931852  2.09466  2.88629  2.09466  0.0931854  -2.24808  -4.04342  -4.71413  -4.0852  -2.35483  0 ;
  0  2.7697  4.8057  5.54836  4.76711  2.67161  -0.0562624  -2.3829  -3.30173  -2.3829  -0.056262  2.67161  4.76711  5.54836  4.8057  2.7697  -1.38709E-15  -2.7697  -4.8057  -5.54836  -4.76711  -2.67161  0.056262  2.3829  3.30173  2.3829  0.0562624  -2.67161  -4.76711  -5.54836  -4.8057  -2.7697  0 ;
  0  3.07772  5.34036  6.16645  5.30069  2.97744  -0.0449265  -2.62066  -3.6373  -2.62066  -0.0449262  2.97744  5.30069  6.16645  5.34036  3.07772  -1.10245E-15  -3.07772  -5.34036  -6.16645  -5.30069  -2.97744  0.0449262  2.62066  3.6373  2.62066  0.0449265  -2.97744  -5.30069  -6.16645  -5.34036  -3.07772  0 ;
  0  3.26676  5.66768  6.54188  5.61601  3.1353  -0.0964919  -2.85573  -3.94614  -2.85573  -0.0964916  3.1353  5.61601  6.54188  5.66768  3.26676  -6.75233E-16  -3.26676  -5.66768  -6.54188  -5.61601  -3.1353  0.0964916  2.85573  3.94614  2.85573  0.0964919  -3.1353  -5.61601  -6.54188  -5.66768  -3.26676  0 ;
  0  3.33038  5.77756  6.66691  5.71794  3.17803  -0.134396  -2.96629  -4.08642  -2.96629  -0.134395  3.17803  5.71794  6.66691  5.77756  3.33038  -2.46587E-16  -3.33038  -5.77756  -6.66691  -5.71794  -3.17803  0.134395  2.96629  4.08642  2.96629  0.134396  -3.17803  -5.71794  -6.66691  -5.77756  -3.33038  0 ;
  0  3.26676  5.66768  6.54188  5.61601  3.1353  -0.0964919  -2.85573  -3.94614  -2.85573  -0.0964916  3.1353  5.61601  6.54188  5.66768  3.26676  4.33061E-17  -3.26676  -5.66768  -6.54188  -5.61601  -3.1353  0.0964916  2.85573  3.94614  2.85573  0.0964919  -3.1353  -5.61601  -6.54188  -5.66768  -3.26676  0 ;
  0  3.07772  5.34036  6.16645  5.30069  2.97744  -0.0449265  -2.62066  -3.6373  -2.62066  -0.0449262  2.97744  5.30069  6.16645  5.34036  3.07772  -5.9269E-17  -3.07772  -5.34036  -6.16645  -5.30069  -2.97744  0.0449262  2.62066  3.6373  2.62066  0.0449265  -2.97744  -5.30069  -6.16645  -5.34036  -3.07772  0 ;
  0  2.7697  4.8057  5.54836  4.76711  2.67161  -0.0562624  -2.3829  -3.30173  -2.3829  -0.056262  2.67161  4.76711  5.54836  4.8057  2.7697  -3.25841E-16  -2.7697  -4.8057  -5.54836  -4.76711  -2.67161  0.056262  2.3829  3.30173  2.3829  0.0562624  -2.67161  -4.76711  -5.54836  -4.8057  -2.7697  0 ;
  0  2.35483  4.0852  4.71413  4.04342  2.24808  -0.0931854  -2.09466  -2.88629  -2.09466  -0.0931852  2.24808  4.04342  4.71413  4.0852  2.35483  -3.40224E-16  -2.35483  -4.0852  -4.71413  -4.04342  -2.24808  0.0931852  2.09466  2.88629  2.09466  0.0931854  -2.24808  -4.04342  -4.71413  -4.0852  -2.35483  0 ;
  0  1.84996  3.20919  3.70282  3.17494  1.76293  -0.0784629  -1.65275  -2.27546  -1.65275  -0.0784626  1.76293  3.17494  3.70282  3.20919  1.84996  -3.65678E-16  -1.84996  -3.20919  -3.70282  -3.17494  -1.76293  0.0784626  1.65275  2.27546  1.65275  0.0784629  -1.76293  -3.17494  -3.70282  -3.20919  -1.84996  0 ;
  0  1.27456  2.21148  2.55328  2.1942  1.2313  -0.0212318  -1.08867  -1.50999  -1.08867  -0.0212316  1.2313  2.1942  2.55328  2.21148  1.27456  -3.15108E-16  -1.27456  -2.21148  -2.55328  -2.1942  -1.2313  0.0212316  1.08867  1.50999  1.08867  0.0212318  -1.2313  -2.1942  -2.55328  -2.21148  -1.27456  0 ;
  0  0.650025  1.12819  1.30376  1.12385  0.639451  0.0111784  -0.522189  -0.732162  -0.522189  0.0111784  0.639451  1.12385  1.30376  1.12819  0.650025  -1.83354E-16  -0.650025  -1.12819  -1.30376  -1.12385  -0.639451  -0.0111784  0.522189  0.732162  0.522189  -0.0111784  -0.639451  -1.12385  -1.30376  -1.12819  -0.650025  0 ;
  0  0  0  0  0  0  0  0  0  0  0  0  0  0  0  0  0  0  0  0  0  0  0  0  0  0  0  0  0  0  0  0  0 ;
];

u{12} = [ ...    % states u(k,x,y)
  0  0  0  0  0  0  0  0  0  0  0  0  0  0  0  0  0  0  0  0  0  0  0  0  0  0  0  0  0  0  0  0  0 ;
  0  0.521815  0.903782  1.04117  0.894163  0.506714  0.00825179  -0.412895  -0.57831  -0.412895  0.00825186  0.506714  0.894163  1.04117  0.903782  0.521815  -1.31399E-17  -0.521815  -0.903782  -1.04117  -0.894163  -0.506714  -0.00825186  0.412895  0.57831  0.412895  -0.00825179  -0.506714  -0.894163  -1.04117  -0.903782  -0.521815  0 ;
  0  1.02322  1.77172  2.03928  1.7462  0.976389  -0.0170254  -0.859661  -1.19151  -0.859661  -0.0170253  0.976389  1.7462  2.03928  1.77172  1.02322  -7.32532E-17  -1.02322  -1.77172  -2.03928  -1.7462  -0.976389  0.0170253  0.859661  1.19151  0.859661  0.0170254  -0.976389  -1.7462  -2.03928  -1.77172  -1.02322  0 ;
  0  1.4852  2.57115  2.95764  2.5271  1.39857  -0.0615699  -1.30412  -1.79453  -1.30412  -0.0615697  1.39857  2.5271  2.95764  2.57115  1.4852  -1.88633E-16  -1.4852  -2.57115  -2.95764  -2.5271  -1.39857  0.0615697  1.30412  1.79453  1.30412  0.0615699  -1.39857  -2.5271  -2.95764  -2.57115  -1.4852  0 ;
  0  1.8905  3.27294  3.76533  3.2182  1.7832  -0.0734084  -1.6532  -2.27666  -1.6532  -0.0734082  1.7832  3.2182  3.76533  3.27294  1.8905  -4.18038E-16  -1.8905  -3.27294  -3.76533  -3.2182  -1.7832  0.0734082  1.6532  2.27666  1.6532  0.0734084  -1.7832  -3.2182  -3.76533  -3.27294  -1.8905  0 ;
  0  2.2235  3.85004  4.43135  3.79368  2.11835  -0.0451913  -1.88186  -2.60557  -1.88186  -0.045191  2.11835  3.79368  4.43135  3.85004  2.2235  -6.05053E-16  -2.2235  -3.85004  -4.43135  -3.79368  -2.11835  0.045191  1.88186  2.60557  1.88186  0.0451913  -2.11835  -3.79368  -4.43135  -3.85004  -2.2235  0 ;
  0  2.47077  4.27835  4.92494  4.21819  2.36069  -0.0365088  -2.06986  -2.87062  -2.06986  -0.0365085  2.36069  4.21819  4.92494  4.27835  2.47077  -6.63783E-16  -2.47077  -4.27835  -4.92494  -4.21819  -2.36069  0.0365085  2.06986  2.87062  2.06986  0.0365088  -2.36069  -4.21819  -4.92494  -4.27835  -2.47077  0 ;
  0  2.62258  4.5407  5.22506  4.46958  2.48656  -0.0763929  -2.25438  -3.11317  -2.25438  -0.0763926  2.48656  4.46958  5.22506  4.5407  2.62258  -6.39215E-16  -2.62258  -4.5407  -5.22506  -4.46958  -2.48656  0.0763926  2.25438  3.11317  2.25438  0.0763929  -2.48656  -4.46958  -5.22506  -4.5407  -2.62258  0 ;
  0  2.6737  4.62883  5.32509  4.55102  2.52094  -0.105719  -2.3409  -3.22306  -2.3409  -0.105719  2.52094  4.55102  5.32509  4.62883  2.6737  -5.99165E-16  -2.6737  -4.62883  -5.32509  -4.55102  -2.52094  0.105719  2.3409  3.22306  2.3409  0.105719  -2.52094  -4.55102  -5.32509  -4.62883  -2.6737  0 ;
  0  2.62258  4.5407  5.22506  4.46958  2.48656  -0.0763929  -2.25438  -3.11317  -2.25438  -0.0763926  2.48656  4.46958  5.22506  4.5407  2.62258  -3.9275E-16  -2.62258  -4.5407  -5.22506  -4.46958  -2.48656  0.0763926  2.25438  3.11317  2.25438  0.0763929  -2.48656  -4.46958  -5.22506  -4.5407  -2.62258  0 ;
  0  2.47077  4.27835  4.92494  4.21819  2.36069  -0.0365088  -2.06986  -2.87062  -2.06986  -0.0365085  2.36069  4.21819  4.92494  4.27835  2.47077  -2.75955E-16  -2.47077  -4.27835  -4.92494  -4.21819  -2.36069  0.0365085  2.06986  2.87062  2.06986  0.0365088  -2.36069  -4.21819  -4.92494  -4.27835  -2.47077  0 ;
  0  2.2235  3.85004  4.43135  3.79368  2.11835  -0.0451913  -1.88186  -2.60557  -1.88186  -0.045191  2.11835  3.79368  4.43135  3.85004  2.2235  -3.74449E-16  -2.2235  -3.85004  -4.43135  -3.79368  -2.11835  0.045191  1.88186  2.60557  1.88186  0.0451913  -2.11835  -3.79368  -4.43135  -3.85004  -2.2235  0 ;
  0  1.8905  3.27294  3.76533  3.2182  1.7832  -0.0734084  -1.6532  -2.27666  -1.6532  -0.0734082  1.7832  3.2182  3.76533  3.27294  1.8905  -2.92228E-16  -1.8905  -3.27294  -3.76533  -3.2182  -1.7832  0.0734082  1.6532  2.27666  1.6532  0.0734084  -1.7832  -3.2182  -3.76533  -3.27294  -1.8905  0 ;
  0  1.4852  2.57115  2.95764  2.5271  1.39857  -0.0615699  -1.30412  -1.79453  -1.30412  -0.0615697  1.39857  2.5271  2.95764  2.57115  1.4852  -2.65232E-16  -1.4852  -2.57115  -2.95764  -2.5271  -1.39857  0.0615697  1.30412  1.79453  1.30412  0.0615699  -1.39857  -2.5271  -2.95764  -2.57115  -1.4852  0 ;
  0  1.02322  1.77172  2.03928  1.7462  0.976389  -0.0170254  -0.859661  -1.19151  -0.859661  -0.0170253  0.976389  1.7462  2.03928  1.77172  1.02322  -2.19849E-16  -1.02322  -1.77172  -2.03928  -1.7462  -0.976389  0.0170253  0.859661  1.19151  0.859661  0.0170254  -0.976389  -1.7462  -2.03928  -1.77172  -1.02322  0 ;
  0  0.521815  0.903782  1.04117  0.894163  0.506714  0.00825179  -0.412895  -0.57831  -0.412895  0.00825186  0.506714  0.894163  1.04117  0.903782  0.521815  -1.4681E-16  -0.521815  -0.903782  -1.04117  -0.894163  -0.506714  -0.00825186  0.412895  0.57831  0.412895  -0.00825179  -0.506714  -0.894163  -1.04117  -0.903782  -0.521815  0 ;
  0  0  0  0  0  0  0  0  0  0  0  0  0  0  0  0  0  0  0  0  0  0  0  0  0  0  0  0  0  0  0  0  0 ;
];

u{13} = [ ...    % states u(k,x,y)
  0  0  0  0  0  0  0  0  0  0  0  0  0  0  0  0  0  0  0  0  0  0  0  0  0  0  0  0  0  0  0  0  0 ;
  0  0.41823  0.723315  0.831505  0.71248  0.403237  0.00770176  -0.325299  -0.455867  -0.325299  0.00770183  0.403237  0.71248  0.831505  0.723315  0.41823  1.18073E-16  -0.41823  -0.723315  -0.831505  -0.71248  -0.403237  -0.00770183  0.325299  0.455867  0.325299  -0.00770176  -0.403237  -0.71248  -0.831505  -0.723315  -0.41823  0 ;
  0  0.820131  1.41801  1.62876  1.39164  0.777411  -0.0106646  -0.676783  -0.938666  -0.676783  -0.0106645  0.777411  1.39164  1.62876  1.41801  0.820131  2.37947E-16  -0.820131  -1.41801  -1.62876  -1.39164  -0.777411  0.0106645  0.676783  0.938666  0.676783  0.0106646  -0.777411  -1.39164  -1.62876  -1.41801  -0.820131  0 ;
  0  1.19043  2.05789  2.36235  2.01419  1.11394  -0.0441695  -1.02627  -1.41323  -1.02627  -0.0441693  1.11394  2.01419  2.36235  2.05789  1.19043  2.18792E-16  -1.19043  -2.05789  -2.36235  -2.01419  -1.11394  0.0441693  1.02627  1.41323  1.02627  0.0441695  -1.11394  -2.01419  -2.36235  -2.05789  -1.19043  0 ;
  0  1.51529  2.61956  3.00741  2.56492  1.42015  -0.052472  -1.30116  -1.79312  -1.30116  -0.0524717  1.42015  2.56492  3.00741  2.61956  1.51529  9.60007E-17  -1.51529  -2.61956  -3.00741  -2.56492  -1.42015  0.0524717  1.30116  1.79312  1.30116  0.052472  -1.42015  -2.56492  -3.00741  -2.61956  -1.51529  0 ;
  0  1.78216  3.08137  3.53921  3.02329  1.68656  -0.0297636  -1.48167  -2.05279  -1.48167  -0.0297634  1.68656  3.02329  3.53921  3.08137  1.78216  -6.15738E-17  -1.78216  -3.08137  -3.53921  -3.02329  -1.68656  0.0297634  1.48167  2.05279  1.48167  0.0297636  -1.68656  -3.02329  -3.53921  -3.08137  -1.78216  0 ;
  0  1.98034  3.42415  3.9334  3.36153  1.87939  -0.0223596  -1.62978  -2.26173  -1.62978  -0.0223594  1.87939  3.36153  3.9334  3.42415  1.98034  -3.27499E-16  -1.98034  -3.42415  -3.9334  -3.36153  -1.87939  0.0223594  1.62978  2.26173  1.62978  0.0223596  -1.87939  -3.36153  -3.9334  -3.42415  -1.98034  0 ;
  0  2.10205  3.63419  4.17323  3.56213  1.98006  -0.0529475  -1.77453  -2.45221  -1.77453  -0.0529472  1.98006  3.56213  4.17323  3.6342  2.10205  -6.72484E-16  -2.10205  -3.6342  -4.17323  -3.56213  -1.98006  0.0529472  1.77453  2.45221  1.77453  0.0529475  -1.98006  -3.56213  -4.17323  -3.63419  -2.10205  0 ;
  0  2.14304  3.70477  4.25323  3.62722  2.00776  -0.0756119  -1.84228  -2.53835  -1.84228  -0.0756115  2.00776  3.62722  4.25323  3.70477  2.14304  -7.83852E-16  -2.14304  -3.70477  -4.25323  -3.62722  -2.00776  0.0756115  1.84228  2.53835  1.84228  0.0756119  -2.00776  -3.62722  -4.25323  -3.70477  -2.14304  0 ;
  0  2.10205  3.63419  4.17323  3.56213  1.98006  -0.0529475  -1.77453  -2.45221  -1.77453  -0.0529472  1.98006  3.56213  4.17323  3.6342  2.10205  -7.85516E-16  -2.10205  -3.6342  -4.17323  -3.56213  -1.98006  0.0529472  1.77453  2.45221  1.77453  0.0529475  -1.98006  -3.56213  -4.17323  -3.63419  -2.10205  0 ;
  0  1.98034  3.42415  3.9334  3.36153  1.87939  -0.0223596  -1.62978  -2.26173  -1.62978  -0.0223594  1.87939  3.36153  3.9334  3.42415  1.98034  -7.36017E-16  -1.98034  -3.42415  -3.9334  -3.36153  -1.87939  0.0223594  1.62978  2.26173  1.62978  0.0223596  -1.87939  -3.36153  -3.9334  -3.42415  -1.98034  0 ;
  0  1.78216  3.08137  3.53921  3.02329  1.68656  -0.0297636  -1.48167  -2.05279  -1.48167  -0.0297634  1.68656  3.02329  3.53921  3.08137  1.78216  -8.95759E-16  -1.78216  -3.08137  -3.53921  -3.02329  -1.68656  0.0297634  1.48167  2.05279  1.48167  0.0297636  -1.68656  -3.02329  -3.53921  -3.08137  -1.78216  0 ;
  0  1.51529  2.61956  3.00741  2.56492  1.42015  -0.052472  -1.30116  -1.79312  -1.30116  -0.0524717  1.42015  2.56492  3.00741  2.61956  1.51529  -8.60841E-16  -1.51529  -2.61956  -3.00741  -2.56492  -1.42015  0.0524717  1.30116  1.79312  1.30116  0.052472  -1.42015  -2.56492  -3.00741  -2.61956  -1.51529  0 ;
  0  1.19043  2.05789  2.36235  2.01419  1.11394  -0.0441695  -1.02627  -1.41323  -1.02627  -0.0441693  1.11394  2.01419  2.36235  2.05789  1.19043  -6.72489E-16  -1.19043  -2.05789  -2.36235  -2.01419  -1.11394  0.0441693  1.02627  1.41323  1.02627  0.0441695  -1.11394  -2.01419  -2.36235  -2.05789  -1.19043  0 ;
  0  0.820131  1.41801  1.62876  1.39164  0.777411  -0.0106646  -0.676783  -0.938666  -0.676783  -0.0106645  0.777411  1.39164  1.62876  1.41801  0.820131  -4.09629E-16  -0.820131  -1.41801  -1.62876  -1.39164  -0.777411  0.0106645  0.676783  0.938666  0.676783  0.0106646  -0.777411  -1.39164  -1.62876  -1.41801  -0.820131  0 ;
  0  0.41823  0.723315  0.831505  0.71248  0.403237  0.00770176  -0.325299  -0.455867  -0.325299  0.00770183  0.403237  0.71248  0.831505  0.723315  0.41823  -1.90814E-16  -0.41823  -0.723315  -0.831505  -0.71248  -0.403237  -0.00770183  0.325299  0.455867  0.325299  -0.00770176  -0.403237  -0.71248  -0.831505  -0.723315  -0.41823  0 ;
  0  0  0  0  0  0  0  0  0  0  0  0  0  0  0  0  0  0  0  0  0  0  0  0  0  0  0  0  0  0  0  0  0 ;
];

u{14} = [ ...    % states u(k,x,y)
  0  0  0  0  0  0  0  0  0  0  0  0  0  0  0  0  0  0  0  0  0  0  0  0  0  0  0  0  0  0  0  0  0 ;
  0  0.334857  0.578563  0.664239  0.568597  0.322304  0.00860572  -0.254775  -0.357903  -0.254775  0.00860577  0.322304  0.568597  0.664239  0.578563  0.334857  3.87533E-17  -0.334857  -0.578563  -0.664239  -0.568597  -0.322304  -0.00860577  0.254775  0.357903  0.254775  -0.00860572  -0.322304  -0.568597  -0.664239  -0.578563  -0.334857  0 ;
  0  0.656654  1.13427  1.30119  1.11076  0.621707  -0.00313582  -0.529834  -0.736617  -0.529834  -0.00313572  0.621707  1.11076  1.30119  1.13427  0.656654  2.5155E-17  -0.656654  -1.13427  -1.30119  -1.11076  -0.621707  0.00313572  0.529834  0.736617  0.529834  0.00313582  -0.621707  -1.11076  -1.30119  -1.13427  -0.656654  0 ;
  0  0.953155  1.64614  1.88731  1.6078  0.891173  -0.026867  -0.803238  -1.10871  -0.803238  -0.0268668  0.891173  1.6078  1.88731  1.64614  0.953155  -4.89488E-17  -0.953155  -1.64614  -1.88731  -1.6078  -0.891173  0.0268668  0.803238  1.10871  0.803238  0.026867  -0.891173  -1.6078  -1.88731  -1.64614  -0.953155  0 ;
  0  1.21325  2.09541  2.40262  2.04735  1.13605  -0.0313354  -1.01846  -1.40683  -1.01846  -0.0313352  1.13605  2.04736  2.40263  2.09541  1.21325  -1.56518E-16  -1.21325  -2.09541  -2.40263  -2.04736  -1.13605  0.0313352  1.01846  1.40683  1.01846  0.0313354  -1.13605  -2.04735  -2.40262  -2.09541  -1.21325  0 ;
  0  1.42691  2.46476  2.82738  2.41303  1.34874  -0.0120512  -1.16002  -1.61096  -1.16002  -0.012051  1.34874  2.41303  2.82738  2.46476  1.42691  -3.029E-16  -1.42691  -2.46476  -2.82738  -2.41303  -1.34874  0.012051  1.16002  1.61096  1.16002  0.0120512  -1.34874  -2.41303  -2.82738  -2.46476  -1.42691  0 ;
  0  1.58558  2.73894  3.14227  2.68295  1.50282  -0.00504143  -1.27604  -1.77503  -1.27604  -0.00504117  1.50282  2.68295  3.14227  2.73894  1.58558  -5.44706E-16  -1.58558  -2.73894  -3.14227  -2.68295  -1.50282  0.00504117  1.27604  1.77503  1.27604  0.00504143  -1.50282  -2.68295  -3.14227  -2.73894  -1.58558  0 ;
  0  1.68304  2.90699  3.33395  2.84323  1.58371  -0.0280169  -1.3891  -1.92412  -1.3891  -0.0280166  1.58371  2.84323  3.33395  2.90699  1.68304  -6.52288E-16  -1.68304  -2.90699  -3.33395  -2.84323  -1.58371  0.0280166  1.3891  1.92412  1.3891  0.0280169  -1.58371  -2.84323  -3.33395  -2.90699  -1.68304  0 ;
  0  1.71587  2.96348  3.39792  2.89531  1.60614  -0.045359  -1.44194  -1.99143  -1.44194  -0.0453587  1.60614  2.89531  3.39792  2.96348  1.71587  -8.1885E-16  -1.71587  -2.96348  -3.39792  -2.89531  -1.60614  0.0453587  1.44194  1.99143  1.44194  0.045359  -1.60614  -2.89531  -3.39792  -2.96348  -1.71587  0 ;
  0  1.68304  2.90699  3.33395  2.84323  1.58371  -0.0280169  -1.3891  -1.92412  -1.3891  -0.0280166  1.58371  2.84323  3.33395  2.90699  1.68304  -8.14705E-16  -1.68304  -2.90699  -3.33395  -2.84323  -1.58371  0.0280166  1.3891  1.92412  1.3891  0.0280169  -1.58371  -2.84323  -3.33395  -2.90699  -1.68304  0 ;
  0  1.58558  2.73894  3.14227  2.68295  1.50282  -0.00504143  -1.27604  -1.77503  -1.27604  -0.00504117  1.50282  2.68295  3.14227  2.73894  1.58558  -5.1266E-16  -1.58558  -2.73894  -3.14227  -2.68295  -1.50282  0.00504117  1.27604  1.77503  1.27604  0.00504143  -1.50282  -2.68295  -3.14227  -2.73894  -1.58558  0 ;
  0  1.42691  2.46476  2.82738  2.41303  1.34874  -0.0120512  -1.16002  -1.61096  -1.16002  -0.012051  1.34874  2.41303  2.82738  2.46476  1.42691  -3.09846E-16  -1.42691  -2.46476  -2.82738  -2.41303  -1.34874  0.012051  1.16002  1.61096  1.16002  0.0120512  -1.34874  -2.41303  -2.82738  -2.46476  -1.42691  0 ;
  0  1.21325  2.09541  2.40262  2.04735  1.13605  -0.0313354  -1.01846  -1.40683  -1.01846  -0.0313352  1.13605  2.04736  2.40263  2.09541  1.21325  -1.37618E-16  -1.21325  -2.09541  -2.40263  -2.04736  -1.13605  0.0313352  1.01846  1.40683  1.01846  0.0313354  -1.13605  -2.04735  -2.40262  -2.09541  -1.21325  0 ;
  0  0.953155  1.64614  1.88731  1.6078  0.891173  -0.026867  -0.803238  -1.10871  -0.803238  -0.0268668  0.891173  1.6078  1.88731  1.64614  0.953155  -6.45325E-17  -0.953155  -1.64614  -1.88731  -1.6078  -0.891173  0.0268668  0.803238  1.10871  0.803238  0.026867  -0.891173  -1.6078  -1.88731  -1.64614  -0.953155  0 ;
  0  0.656654  1.13427  1.30119  1.11076  0.621707  -0.00313582  -0.529834  -0.736617  -0.529834  -0.00313572  0.621707  1.11076  1.30119  1.13427  0.656654  -3.57247E-17  -0.656654  -1.13427  -1.30119  -1.11076  -0.621707  0.00313572  0.529834  0.736617  0.529834  0.00313582  -0.621707  -1.11076  -1.30119  -1.13427  -0.656654  0 ;
  0  0.334857  0.578563  0.664239  0.568597  0.322304  0.00860572  -0.254775  -0.357903  -0.254775  0.00860577  0.322304  0.568597  0.664239  0.578563  0.334857  -2.43615E-17  -0.334857  -0.578563  -0.664239  -0.568597  -0.322304  -0.00860577  0.254775  0.357903  0.254775  -0.00860572  -0.322304  -0.568597  -0.664239  -0.578563  -0.334857  0 ;
  0  0  0  0  0  0  0  0  0  0  0  0  0  0  0  0  0  0  0  0  0  0  0  0  0  0  0  0  0  0  0  0  0 ;
];

u{15} = [ ...    % states u(k,x,y)
  0  0  0  0  0  0  0  0  0  0  0  0  0  0  0  0  0  0  0  0  0  0  0  0  0  0  0  0  0  0  0  0  0 ;
  0  0.267946  0.4627  0.530924  0.454624  0.258981  0.0105496  -0.197561  -0.278949  -0.197561  0.0105497  0.258981  0.454625  0.530924  0.4627  0.267946  4.04932E-17  -0.267946  -0.4627  -0.530924  -0.454625  -0.258981  -0.0105497  0.197561  0.278949  0.197561  -0.0105496  -0.258981  -0.454624  -0.530924  -0.4627  -0.267946  0 ;
  0  0.52545  0.907142  1.04009  0.888243  0.499894  0.00524483  -0.410738  -0.573848  -0.410738  0.00524492  0.499894  0.888243  1.04009  0.907142  0.52545  5.51423E-17  -0.52545  -0.907142  -1.04009  -0.888243  -0.499894  -0.00524492  0.410738  0.573848  0.410738  -0.00524483  -0.499894  -0.888243  -1.04009  -0.907142  -0.52545  0 ;
  0  0.762713  1.31653  1.50865  1.28585  0.716924  -0.00961193  -0.622566  -0.863427  -0.622565  -0.00961178  0.716924  1.28585  1.50865  1.31653  0.762713  7.9633E-17  -0.762713  -1.31653  -1.50865  -1.28585  -0.716924  0.00961178  0.622565  0.863427  0.622566  0.00961193  -0.716924  -1.28585  -1.50865  -1.31653  -0.762713  0 ;
  0  0.970832  1.67583  1.92054  1.63734  0.913842  -0.0100436  -0.78941  -1.09564  -0.78941  -0.0100435  0.913842  1.63734  1.92054  1.67583  0.970832  6.44965E-17  -0.970832  -1.67583  -1.92054  -1.63734  -0.913842  0.0100435  0.78941  1.09564  0.78941  0.0100436  -0.913842  -1.63734  -1.92054  -1.67583  -0.970832  0 ;
  0  1.14179  1.97119  2.26  1.92961  1.0845  0.00730729  -0.899287  -1.25495  -0.899287  0.0073075  1.0845  1.92961  2.26  1.97119  1.14179  5.03839E-17  -1.14179  -1.97119  -2.26  -1.92961  -1.0845  -0.0073075  0.899287  1.25495  0.899287  -0.00730729  -1.0845  -1.92961  -2.26  -1.97119  -1.14179  0 ;
  0  1.26875  2.19046  2.51168  2.14541  1.20827  0.0145684  -0.989269  -1.38287  -0.989268  0.0145686  1.20827  2.14541  2.51168  2.19046  1.26875  1.14128E-16  -1.26875  -2.19046  -2.51168  -2.14541  -1.20827  -0.0145686  0.989268  1.38287  0.989269  -0.0145684  -1.20827  -2.14541  -2.51168  -2.19046  -1.26875  0 ;
  0  1.34675  2.32489  2.66495  2.27373  1.27369  -0.0019955  -1.07675  -1.49867  -1.07675  -0.00199525  1.27369  2.27373  2.66495  2.32489  1.34675  2.47665E-16  -1.34675  -2.32489  -2.66495  -2.27373  -1.27369  0.00199525  1.07675  1.49867  1.07675  0.0019955  -1.27369  -2.27373  -2.66495  -2.32489  -1.34675  0 ;
  0  1.37303  2.37008  2.71613  2.31548  1.29202  -0.0149764  -1.11759  -1.55085  -1.11759  -0.0149762  1.29202  2.31548  2.71613  2.37008  1.37303  2.44247E-16  -1.37303  -2.37008  -2.71613  -2.31548  -1.29202  0.0149762  1.11759  1.55085  1.11759  0.0149764  -1.29202  -2.31548  -2.71613  -2.37008  -1.37303  0 ;
  0  1.34675  2.32489  2.66495  2.27373  1.27369  -0.0019955  -1.07675  -1.49867  -1.07675  -0.00199525  1.27369  2.27373  2.66495  2.32489  1.34675  1.85183E-16  -1.34675  -2.32489  -2.66495  -2.27373  -1.27369  0.00199525  1.07675  1.49867  1.07675  0.0019955  -1.27369  -2.27373  -2.66495  -2.32489  -1.34675  0 ;
  0  1.26875  2.19046  2.51168  2.14541  1.20827  0.0145684  -0.989269  -1.38287  -0.989268  0.0145686  1.20827  2.14541  2.51168  2.19046  1.26875  6.92555E-17  -1.26875  -2.19046  -2.51168  -2.14541  -1.20827  -0.0145686  0.989268  1.38287  0.989269  -0.0145684  -1.20827  -2.14541  -2.51168  -2.19046  -1.26875  0 ;
  0  1.14179  1.97119  2.26  1.92961  1.0845  0.00730729  -0.899287  -1.25495  -0.899287  0.0073075  1.0845  1.92961  2.26  1.97119  1.14179  1.34519E-17  -1.14179  -1.97119  -2.26  -1.92961  -1.0845  -0.0073075  0.899287  1.25495  0.899287  -0.00730729  -1.0845  -1.92961  -2.26  -1.97119  -1.14179  0 ;
  0  0.970832  1.67583  1.92054  1.63734  0.913842  -0.0100436  -0.78941  -1.09564  -0.78941  -0.0100435  0.913842  1.63734  1.92054  1.67583  0.970832  -1.55945E-17  -0.970832  -1.67583  -1.92054  -1.63734  -0.913842  0.0100435  0.78941  1.09564  0.78941  0.0100436  -0.913842  -1.63734  -1.92054  -1.67583  -0.970832  0 ;
  0  0.762713  1.31653  1.50865  1.28585  0.716924  -0.00961193  -0.622566  -0.863427  -0.622565  -0.00961178  0.716924  1.28585  1.50865  1.31653  0.762713  -1.47051E-17  -0.762713  -1.31653  -1.50865  -1.28585  -0.716924  0.00961178  0.622565  0.863427  0.622566  0.00961193  -0.716924  -1.28585  -1.50865  -1.31653  -0.762713  0 ;
  0  0.52545  0.907142  1.04009  0.888243  0.499894  0.00524483  -0.410738  -0.573848  -0.410738  0.00524492  0.499894  0.888243  1.04009  0.907142  0.52545  -9.13926E-19  -0.52545  -0.907142  -1.04009  -0.888243  -0.499894  -0.00524492  0.410738  0.573848  0.410738  -0.00524483  -0.499894  -0.888243  -1.04009  -0.907142  -0.52545  0 ;
  0  0.267946  0.4627  0.530924  0.454624  0.258981  0.0105496  -0.197561  -0.278949  -0.197561  0.0105497  0.258981  0.454625  0.530924  0.4627  0.267946  5.64536E-18  -0.267946  -0.4627  -0.530924  -0.454625  -0.258981  -0.0105497  0.197561  0.278949  0.197561  -0.0105496  -0.258981  -0.454624  -0.530924  -0.4627  -0.267946  0 ;
  0  0  0  0  0  0  0  0  0  0  0  0  0  0  0  0  0  0  0  0  0  0  0  0  0  0  0  0  0  0  0  0  0 ;
];

u{16} = [ ...    % states u(k,x,y)
  0  0  0  0  0  0  0  0  0  0  0  0  0  0  0  0  0  0  0  0  0  0  0  0  0  0  0  0  0  0  0  0  0 ;
  0  0.214375  0.370138  0.424818  0.36449  0.209733  0.0136803  -0.150176  -0.214168  -0.150176  0.0136804  0.209733  0.36449  0.424818  0.370138  0.214375  -9.99497E-17  -0.214375  -0.370138  -0.424818  -0.36449  -0.209733  -0.0136804  0.150176  0.214168  0.150176  -0.0136803  -0.209733  -0.36449  -0.424818  -0.370138  -0.214375  0 ;
  0  0.420401  0.725689  0.832279  0.712287  0.40526  0.0151703  -0.312071  -0.440193  -0.312071  0.0151704  0.40526  0.712287  0.832279  0.72569  0.420401  -2.51399E-16  -0.420401  -0.72569  -0.832279  -0.712287  -0.40526  -0.0151704  0.312071  0.440193  0.312071  -0.0151703  -0.40526  -0.712287  -0.832279  -0.725689  -0.420401  0 ;
  0  0.610234  1.05321  1.20727  1.03128  0.581686  0.00904156  -0.472815  -0.661861  -0.472815  0.00904168  0.581687  1.03128  1.20727  1.05321  0.610234  -4.0289E-16  -0.610234  -1.05321  -1.20727  -1.03128  -0.581687  -0.00904168  0.472815  0.661861  0.472815  -0.00904156  -0.581686  -1.03128  -1.20727  -1.05321  -0.610234  0 ;
  0  0.776742  1.34063  1.53686  1.31315  0.741387  0.0131718  -0.599525  -0.839885  -0.599525  0.013172  0.741387  1.31315  1.53686  1.34063  0.776742  -4.65857E-16  -0.776742  -1.34063  -1.53686  -1.31315  -0.741387  -0.013172  0.599525  0.839885  0.599525  -0.0131718  -0.741387  -1.31315  -1.53686  -1.34063  -0.776742  0 ;
  0  0.913512  1.57689  1.80843  1.54737  0.879283  0.0298928  -0.683183  -0.962506  -0.683183  0.0298929  0.879283  1.54737  1.80843  1.57689  0.913512  -4.64513E-16  -0.913512  -1.57689  -1.80843  -1.54737  -0.879283  -0.0298929  0.683183  0.962506  0.683183  -0.0298928  -0.879283  -1.54737  -1.80843  -1.57689  -0.913512  0 ;
  0  1.01509  1.75229  2.00981  1.72036  0.979452  0.0380701  -0.751624  -1.0608  -0.751624  0.0380703  0.979453  1.72036  2.00981  1.75229  1.01509  -4.04969E-16  -1.01509  -1.75229  -2.00981  -1.72036  -0.979453  -0.0380703  0.751624  1.0608  0.751624  -0.0380701  -0.979452  -1.72036  -2.00981  -1.75229  -1.01509  0 ;
  0  1.0775  1.85984  2.13252  1.82343  1.03299  0.0272771  -0.817858  -1.14913  -0.817858  0.0272773  1.03299  1.82343  2.13252  1.85984  1.0775  -3.61335E-16  -1.0775  -1.85984  -2.13252  -1.82343  -1.03299  -0.0272773  0.817858  1.14913  0.817858  -0.0272771  -1.03299  -1.82343  -2.13252  -1.85984  -1.0775  0 ;
  0  1.09853  1.89601  2.17351  1.85705  1.04824  0.018076  -0.848716  -1.18877  -0.848715  0.0180763  1.04824  1.85705  2.17351  1.89601  1.09853  -3.16596E-16  -1.09853  -1.89601  -2.17351  -1.85705  -1.04824  -0.0180763  0.848715  1.18877  0.848716  -0.018076  -1.04824  -1.85705  -2.17351  -1.89601  -1.09853  0 ;
  0  1.0775  1.85984  2.13252  1.82343  1.03299  0.0272771  -0.817858  -1.14913  -0.817858  0.0272773  1.03299  1.82343  2.13252  1.85984  1.0775  -2.93566E-16  -1.0775  -1.85984  -2.13252  -1.82343  -1.03299  -0.0272773  0.817858  1.14913  0.817858  -0.0272771  -1.03299  -1.82343  -2.13252  -1.85984  -1.0775  0 ;
  0  1.01509  1.75229  2.00981  1.72036  0.979452  0.0380701  -0.751624  -1.0608  -0.751624  0.0380703  0.979453  1.72036  2.00981  1.75229  1.01509  -2.88497E-16  -1.01509  -1.75229  -2.00981  -1.72036  -0.979453  -0.0380703  0.751624  1.0608  0.751624  -0.0380701  -0.979452  -1.72036  -2.00981  -1.75229  -1.01509  0 ;
  0  0.913512  1.57689  1.80843  1.54737  0.879283  0.0298928  -0.683183  -0.962506  -0.683183  0.0298929  0.879283  1.54737  1.80843  1.57689  0.913512  -2.59502E-16  -0.913512  -1.57689  -1.80843  -1.54737  -0.879283  -0.0298929  0.683183  0.962506  0.683183  -0.0298928  -0.879283  -1.54737  -1.80843  -1.57689  -0.913512  0 ;
  0  0.776742  1.34063  1.53686  1.31315  0.741387  0.0131718  -0.599525  -0.839885  -0.599525  0.013172  0.741387  1.31315  1.53686  1.34063  0.776742  -2.04815E-16  -0.776742  -1.34063  -1.53686  -1.31315  -0.741387  -0.013172  0.599525  0.839885  0.599525  -0.0131718  -0.741387  -1.31315  -1.53686  -1.34063  -0.776742  0 ;
  0  0.610234  1.05321  1.20727  1.03128  0.581686  0.00904156  -0.472815  -0.661861  -0.472815  0.00904168  0.581687  1.03128  1.20727  1.05321  0.610234  -1.73529E-16  -0.610234  -1.05321  -1.20727  -1.03128  -0.581687  -0.00904168  0.472815  0.661861  0.472815  -0.00904156  -0.581686  -1.03128  -1.20727  -1.05321  -0.610234  0 ;
  0  0.420401  0.725689  0.832279  0.712287  0.40526  0.0151703  -0.312071  -0.440193  -0.312071  0.0151704  0.40526  0.712287  0.832279  0.72569  0.420401  -1.04878E-16  -0.420401  -0.72569  -0.832279  -0.712287  -0.40526  -0.0151704  0.312071  0.440193  0.312071  -0.0151703  -0.40526  -0.712287  -0.832279  -0.725689  -0.420401  0 ;
  0  0.214375  0.370138  0.424818  0.36449  0.209733  0.0136803  -0.150176  -0.214168  -0.150176  0.0136804  0.209733  0.36449  0.424818  0.370138  0.214375  -3.3636E-17  -0.214375  -0.370138  -0.424818  -0.36449  -0.209733  -0.0136804  0.150176  0.214168  0.150176  -0.0136803  -0.209733  -0.36449  -0.424818  -0.370138  -0.214375  0 ;
  0  0  0  0  0  0  0  0  0  0  0  0  0  0  0  0  0  0  0  0  0  0  0  0  0  0  0  0  0  0  0  0  0 ;
];

u{17} = [ ...    % states u(k,x,y)
  0  0  0  0  0  0  0  0  0  0  0  0  0  0  0  0  0  0  0  0  0  0  0  0  0  0  0  0  0  0  0  0  0 ;
  0  0.171784  0.296999  0.342388  0.298234  0.182832  0.0390208  -0.0786043  -0.123862  -0.0786043  0.0390209  0.182832  0.298234  0.342388  0.296999  0.171784  -5.06049E-17  -0.171784  -0.296999  -0.342388  -0.298234  -0.182832  -0.0390209  0.0786043  0.123862  0.0786043  -0.0390208  -0.182832  -0.298234  -0.342388  -0.296999  -0.171784  0 ;
  0  0.336898  0.582379  0.671122  0.583973  0.356828  0.0739157  -0.157387  -0.246356  -0.157387  0.0739158  0.356828  0.583974  0.671122  0.582379  0.336898  -1.07404E-16  -0.336898  -0.582379  -0.671122  -0.583974  -0.356828  -0.0739158  0.157387  0.246356  0.157387  -0.0739157  -0.356828  -0.583973  -0.671122  -0.582379  -0.336898  0 ;
  0  0.489045  0.84531  0.973877  0.846862  0.516415  0.105047  -0.23112  -0.360379  -0.23112  0.105047  0.516415  0.846862  0.973877  0.84531  0.489045  -1.25519E-16  -0.489045  -0.84531  -0.973877  -0.846862  -0.516415  -0.105047  0.23112  0.360379  0.23112  -0.105047  -0.516415  -0.846862  -0.973877  -0.84531  -0.489045  0 ;
  0  0.62248  1.07598  1.23971  1.0782  0.657843  0.13454  -0.293085  -0.457506  -0.293085  0.13454  0.657843  1.0782  1.23971  1.07598  0.622481  -1.49428E-16  -0.622481  -1.07598  -1.23971  -1.0782  -0.657843  -0.13454  0.293085  0.457506  0.293085  -0.13454  -0.657843  -1.0782  -1.23971  -1.07598  -0.62248  0 ;
  0  0.732062  1.26549  1.45835  1.26901  0.775493  0.160866  -0.341567  -0.534802  -0.341567  0.160866  0.775493  1.26901  1.45835  1.26549  0.732062  -1.53534E-16  -0.732062  -1.26549  -1.45835  -1.26901  -0.775493  -0.160866  0.341567  0.534802  0.341567  -0.160866  -0.775493  -1.26901  -1.45835  -1.26549  -0.732062  0 ;
  0  0.813456  1.40622  1.62059  1.41034  0.862126  0.179268  -0.379034  -0.593782  -0.379034  0.179268  0.862126  1.41034  1.62059  1.40622  0.813456  -1.25186E-16  -0.813456  -1.40622  -1.62059  -1.41034  -0.862126  -0.179268  0.379034  0.593782  0.379034  -0.179268  -0.862126  -1.41034  -1.62059  -1.40622  -0.813456  0 ;
  0  0.863491  1.49263  1.71992  1.4962  0.913514  0.187938  -0.405125  -0.633198  -0.405125  0.187939  0.913514  1.4962  1.71992  1.49263  0.863492  -6.37693E-17  -0.863492  -1.49263  -1.71992  -1.4962  -0.913514  -0.187939  0.405125  0.633198  0.405125  -0.187938  -0.913514  -1.4962  -1.71992  -1.49263  -0.863491  0 ;
  0  0.880358  1.52172  1.75327  1.52481  0.930228  0.190017  -0.414874  -0.647457  -0.414874  0.190017  0.930228  1.52481  1.75327  1.52172  0.880358  -5.01944E-17  -0.880358  -1.52172  -1.75327  -1.52481  -0.930228  -0.190017  0.414874  0.647457  0.414874  -0.190017  -0.930228  -1.52481  -1.75327  -1.52172  -0.880358  0 ;
  0  0.863491  1.49263  1.71992  1.4962  0.913514  0.187938  -0.405125  -0.633198  -0.405125  0.187939  0.913514  1.4962  1.71992  1.49263  0.863492  -1.06101E-17  -0.863492  -1.49263  -1.71992  -1.4962  -0.913514  -0.187939  0.405125  0.633198  0.405125  -0.187938  -0.913514  -1.4962  -1.71992  -1.49263  -0.863491  0 ;
  0  0.813456  1.40622  1.62059  1.41034  0.862126  0.179268  -0.379034  -0.593782  -0.379034  0.179268  0.862126  1.41034  1.62059  1.40622  0.813456  -9.61748E-17  -0.813456  -1.40622  -1.62059  -1.41034  -0.862126  -0.179268  0.379034  0.593782  0.379034  -0.179268  -0.862126  -1.41034  -1.62059  -1.40622  -0.813456  0 ;
  0  0.732062  1.26549  1.45835  1.26901  0.775493  0.160866  -0.341567  -0.534802  -0.341567  0.160866  0.775493  1.26901  1.45835  1.26549  0.732062  -1.47769E-16  -0.732062  -1.26549  -1.45835  -1.26901  -0.775493  -0.160866  0.341567  0.534802  0.341567  -0.160866  -0.775493  -1.26901  -1.45835  -1.26549  -0.732062  0 ;
  0  0.62248  1.07598  1.23971  1.0782  0.657843  0.13454  -0.293085  -0.457506  -0.293085  0.13454  0.657843  1.0782  1.23971  1.07598  0.622481  -1.08225E-16  -0.622481  -1.07598  -1.23971  -1.0782  -0.657843  -0.13454  0.293085  0.457506  0.293085  -0.13454  -0.657843  -1.0782  -1.23971  -1.07598  -0.62248  0 ;
  0  0.489045  0.84531  0.973877  0.846862  0.516415  0.105047  -0.23112  -0.360379  -0.23112  0.105047  0.516415  0.846862  0.973877  0.84531  0.489045  -1.15945E-16  -0.489045  -0.84531  -0.973877  -0.846862  -0.516415  -0.105047  0.23112  0.360379  0.23112  -0.105047  -0.516415  -0.846862  -0.973877  -0.84531  -0.489045  0 ;
  0  0.336898  0.582379  0.671122  0.583973  0.356828  0.0739157  -0.157387  -0.246356  -0.157387  0.0739158  0.356828  0.583974  0.671122  0.582379  0.336898  -8.0522E-17  -0.336898  -0.582379  -0.671122  -0.583974  -0.356828  -0.0739158  0.157387  0.246356  0.157387  -0.0739157  -0.356828  -0.583973  -0.671122  -0.582379  -0.336898  0 ;
  0  0.171784  0.296999  0.342388  0.298234  0.182832  0.0390208  -0.0786043  -0.123862  -0.0786043  0.0390209  0.182832  0.298234  0.342388  0.296999  0.171784  -3.17542E-17  -0.171784  -0.296999  -0.342388  -0.298234  -0.182832  -0.0390209  0.0786043  0.123862  0.0786043  -0.0390208  -0.182832  -0.298234  -0.342388  -0.296999  -0.171784  0 ;
  0  0  0  0  0  0  0  0  0  0  0  0  0  0  0  0  0  0  0  0  0  0  0  0  0  0  0  0  0  0  0  0  0 ;
];



w = [ ... % binary control 
  0.111593    0.108682    0.111593    0.113792    0.108682    0.113792    0.111593    0.108682    0.111593   ; 
   0.111099    0.111215    0.111099    0.110979    0.111215    0.110979    0.111099    0.111215    0.111099   ; 
   0.111111    0.111114    0.111111    0.111108    0.111114    0.111108    0.111111    0.111114    0.111111   ; 
   0.111111    0.111111    0.111111    0.111111    0.111111    0.111111    0.111111    0.111111    0.111111   ; 
   0.111111    0.111111    0.111111    0.111111    0.111111    0.111111    0.111111    0.111111    0.111111   ; 
   0.111111    0.111111    0.111111    0.111111    0.111111    0.111111    0.111111    0.111111    0.111111   ; 
   0.111111    0.111111    0.111111    0.111111    0.111111    0.111111    0.111111    0.111111    0.111111   ; 
   0.111111    0.111111    0.111111    0.111111    0.111111    0.111111    0.111111    0.111111    0.111111   ; 
   0.111111    0.111111    0.111111    0.111111    0.111111    0.111111    0.111111    0.111111    0.111111   ; 
   0.111111    0.111111    0.111111    0.111111    0.111111    0.111111    0.111111    0.111111    0.111111   ; 
   0.111111    0.111111    0.111111    0.111111    0.111111    0.111111    0.111111    0.111111    0.111111   ; 
   0.111111    0.111111    0.111111    0.111111    0.111111    0.111111    0.111111    0.111111    0.111111   ; 
   0.111111    0.111111    0.111111    0.111111    0.111111    0.111111    0.111111    0.111111    0.111111   ; 
   0.111111    0.111111    0.111111    0.111111    0.111111    0.111111    0.111111    0.111111    0.111111   ; 
   0.111111    0.111111    0.111111    0.111111    0.111111    0.111111    0.111111    0.111111    0.111111   ; 
   0.111111    0.111111    0.111111    0.111111    0.111111    0.111111    0.111111    0.111111    0.111111   ; 
 ];

v = [ ... %  continous control 
  -100.131    -9.39477E-15    100.131    -141.827    -1.92966E-14    141.827    -100.131    -1.08877E-14    100.131   ; 
   -5.30831    -2.17789E-16    5.30831    -7.55852    -1.03828E-14    7.55852    -5.30831    -7.04925E-16    5.30831   ; 
   -2.77002    -8.32332E-15    2.77002    -3.94289    5.82312E-15    3.94289    -2.77002    -4.42464E-15    2.77002   ; 
   -2.10248    2.31302E-15    2.10248    -2.98964    1.01303E-15    2.98964    -2.10248    -3.06743E-15    2.10248   ; 
   -1.63004    2.75022E-15    1.63004    -2.3162    1.41245E-15    2.3162    -1.63004    8.77846E-16    1.63004   ; 
   -1.27359    -1.59854E-15    1.27359    -1.80876    -2.83346E-15    1.80876    -1.27359    -1.57676E-15    1.27359   ; 
   -1.00006    -1.14846E-16    1.00006    -1.41975    2.60721E-15    1.41975    -1.00006    -8.1694E-16    1.00006   ; 
   -0.787667    8.5178E-16    0.787667    -1.11791    -2.25013E-15    1.11791    -0.787667    2.81101E-15    0.787667   ; 
   -0.621248    8.39706E-16    0.621248    -0.881529    1.08721E-15    0.881529    -0.621248    -1.41097E-15    0.621248   ; 
   -0.489875    -2.19337E-15    0.489875    -0.695005    -3.87407E-17    0.695005    -0.489875    -5.0223E-17    0.489875   ; 
   -0.385452    8.76383E-16    0.385452    -0.546789    -5.53712E-16    0.546789    -0.385452    -2.10663E-16    0.385452   ; 
   -0.301843    6.78074E-16    0.301843    -0.428145    -4.14551E-16    0.428145    -0.301843    -7.6347E-16    0.301843   ; 
   -0.234299    -1.88025E-16    0.234299    -0.33231    -4.03923E-16    0.33231    -0.234299    5.57089E-16    0.234299   ; 
   -0.179022    8.34613E-17    0.179022    -0.253887    9.39276E-16    0.253887    -0.179022    8.7836E-18    0.179022   ; 
   -0.130738    -6.13552E-16    0.130738    -0.185374    -5.57677E-16    0.185374    -0.130738    -2.65666E-16    0.130738   ; 
   0.078116    1.83865E-16    -0.078116    0.110539    2.19532E-16    -0.110539    0.078116    -3.67908E-17    -0.078116   ; 
 ];

